mads 2.1.0 build 8 (23 Dec 19)
   388 					opt l+
   101
   102 				.print 'ZPAGE: ',fxptr,'..',zpend-1
   102 				ZPAGE: $0080..$00D7
   103
   104 				.print 'RTLIB: ',RTLIB,'..',*-1
   104 				RTLIB: $2040..$211C
   105
   106 				; ------------------------------------------------------------
   107
   108 211D			START
   109 211D BA				tsx
   110 211E 8E 97 21			stx MAIN.@halt+1
   111
   112 					.ifdef fmulinit
   113 					fmulinit
   114 					eif
   115
   116 = 0000			VLEN	= VARDATASIZE-VARINITSIZE
   117 = 21B8			VADR	= DATAORIGIN+VARINITSIZE
   118
   119 					ift VADR > $BFFF
   120 					ert 'Invalid memory address range ',VADR
   121 					eli (VLEN>0) && (VLEN<=256)
   122 					ldx #256-VLEN
   123 					lda #0
   124 					sta:rne VADR+VLEN-256,x+
   125 					eli VLEN>0
   126 					@fill #VADR #VLEN #0
   127 					eif
   128
   129 					.ifdef MAIN.@DEFINES.ROMOFF
   130 					icl 'atari\romoff.asm'
   131 					.endif
   132
   133 2121 A9 B8 85 82 A9 21 + 	mwa #PROGRAMSTACK psptr
   134
   135 2129 A2 0F			ldx #$0f					; DOS II+/D ParamStr
   136 212B BD 40 03 9D 9A 21 + 	mva:rpl $340,x MAIN.IOCB@COPY,x-
   137
   138 2134 E8				inx						; X = 0
   139 2135 86 90			stx bp						; BP = 0
   140
   141 2137 8E 08 D2			stx audctl					; reset POKEY
   142 213A A9 03			lda #3
   143 213C 8D 0F D2			sta skctl
   144
   145 213F CA				dex						; X = 255
   146
   147 2140				UNITINITIALIZATION
Macro: UNITINITIALIZATION [Source: byteval.a65]
   148
   149 2140			.local	MAIN						; PROCEDURE
   150
   151 2140 4C 93 21			jmp l_0047
   152
   153 				; ------------------------------------------------------------
   154
   155 2143			.local	SYSTEM						; UNIT
   156
   157 				; ------------------------------------------------------------
   158
   159 = 0101			__PORTB_BANKS	= $0101
   160 = 0648			M_PI_2	= $0648
   161 = 0192			D_PI_2	= $0192
   162 = 0004			D_PI_180	= $04
   163 = 0000			MGTIA	= $00
   164 = 0080			MVBXE	= $80
   165 = 0000			VBXE_XDLADR	= $00
   166 = 0100			VBXE_BCBADR	= $0100
   167 = 1000			VBXE_MAPADR	= $1000
   168 = 5000			VBXE_OVRADR	= $5000
   169 = B000			VBXE_WINDOW	= $B000
   170 = 0000			IDLI	= $00
   171 = 0001			IVBL	= $01
   172 = 00FE			CH_DELCHR	= $FE
   173 = 009B			CH_ENTER	= $9B
   174 = 001B			CH_ESC	= $1B
   175 = 001C			CH_CURS_UP	= $1C
   176 = 001D			CH_CURS_DOWN	= $1D
   177 = 001E			CH_CURS_LEFT	= $1E
   178 = 001F			CH_CURS_RIGHT	= $1F
   179 = 007F			CH_TAB	= $7F
   180 = 009B			CH_EOL	= $9B
   181 = 007D			CH_CLR	= $7D
   182 = 00FD			CH_BELL	= $FD
   183 = 007E			CH_DEL	= $7E
   184 = 009C			CH_DELLINE	= $9C
   185 = 009D			CH_INSLINE	= $9D
   186 = 0000			COLOR_BLACK	= $00
   187 = 000E			COLOR_WHITE	= $0E
   188 = 0032			COLOR_RED	= $32
   189 = 0096			COLOR_CYAN	= $96
   190 = 0068			COLOR_VIOLET	= $68
   191 = 00C4			COLOR_GREEN	= $C4
   192 = 0074			COLOR_BLUE	= $74
   193 = 00EE			COLOR_YELLOW	= $EE
   194 = 0028			COLOR_ORANGE	= $28
   195 = 00E4			COLOR_BROWN	= $E4
   196 = 003C			COLOR_LIGHTRED	= $3C
   197 = 0004			COLOR_GRAY1	= $04
   198 = 0006			COLOR_GRAY2	= $06
   199 = 000A			COLOR_GRAY3	= $0A
   200 = 00CC			COLOR_LIGHTGREEN	= $CC
   201 = 007C			COLOR_LIGHTBLUE	= $7C
   202 = 0004			FMOPENREAD	= $04
   203 = 0008			FMOPENWRITE	= $08
   204 = 0009			FMOPENAPPEND	= $09
   205 = 000C			FMOPENREADWRITE	= $0C
   206 = 21AA			SCREENWIDTH	= DATAORIGIN+$0000
   207 = 21AC			SCREENHEIGHT	= DATAORIGIN+$0002
   208 = 21AE			DATESEPARATOR	= DATAORIGIN+$0004
   209 = D014			TVSYSTEM	= $D014
   210 = 02C0			adr.PALETTE	= $02C0
   211 2143			.var PALETTE	= adr.PALETTE .word
   212 = D012			adr.HPALETTE	= $D012
   213 2143			.var HPALETTE	= adr.HPALETTE .word
   214 = 21AF			FILEMODE	= DATAORIGIN+$0005
   215 = 21B0			GRAPHMODE	= DATAORIGIN+$0006
   216 = 21B1			IORESULT	= DATAORIGIN+$0007
   217 = 21B2			EOLN	= DATAORIGIN+$0008
   218 = 21B3			RNDSEED	= DATAORIGIN+$0009
   219
   220 = 2143 C0 02		PALETTE
   220 = 2145 12 D0		HPALETTE
   220 				.endl							; UNIT SYSTEM
   221
   222 				; ------------------------------------------------------------
   223
   224 2147			.local	ATARI						; UNIT
   225
   226 				; ------------------------------------------------------------
   227
   228 = 0012			RTCLOK	= $12
   229 = 004D			ATRACT	= $4D
   230 = 0052			LMARGIN	= $52
   231 = 0053			RMARGIN	= $53
   232 = 0054			ROWCRS	= $54
   233 = 0055			COLCRS	= $55
   234 = 0057			DINDEX	= $57
   235 = 0058			SAVMSC	= $58
   236 = 0062			PALNTS	= $62
   237 = 006A			RAMTOP	= $6A
   238 = 0200			VDSLST	= $0200
   239 = 0230			SDLSTL	= $0230
   240 = 0290			TXTROW	= $0290
   241 = 0291			TXTCOL	= $0291
   242 = 0293			TINDEX	= $0293
   243 = 0294			TXTMSC	= $0294
   244 = 022F			SDMCTL	= $022F
   245 = 026F			GPRIOR	= $026F
   246 = 02F0			CRSINH	= $02F0
   247 = 02F3			CHACT	= $02F3
   248 = 02F4			CHBAS	= $02F4
   249 = 02FC			CH	= $02FC
   250 = 02C0			PCOLR0	= $02C0
   251 = 02C1			PCOLR1	= $02C1
   252 = 02C2			PCOLR2	= $02C2
   253 = 02C3			PCOLR3	= $02C3
   254 = 02C4			COLOR0	= $02C4
   255 = 02C5			COLOR1	= $02C5
   256 = 02C6			COLOR2	= $02C6
   257 = 02C7			COLOR3	= $02C7
   258 = 02C8			COLOR4	= $02C8
   259 = 02C8			COLBAKS	= $02C8
   260 = D000			HPOSP0	= $D000
   261 = D001			HPOSP1	= $D001
   262 = D002			HPOSP2	= $D002
   263 = D003			HPOSP3	= $D003
   264 = D004			HPOSM0	= $D004
   265 = D005			HPOSM1	= $D005
   266 = D006			HPOSM2	= $D006
   267 = D007			HPOSM3	= $D007
   268 = D008			SIZEP0	= $D008
   269 = D009			SIZEP1	= $D009
   270 = D00A			SIZEP2	= $D00A
   271 = D00B			SIZEP3	= $D00B
   272 = D00C			SIZEM	= $D00C
   273 = D00D			GRAFP0	= $D00D
   274 = D00E			GRAFP1	= $D00E
   275 = D00F			GRAFP2	= $D00F
   276 = D010			GRAFP3	= $D010
   277 = D011			GRAFM	= $D011
   278 = D004			P0PF	= $D004
   279 = D014			PAL	= $D014
   280 = D012			COLPM0	= $D012
   281 = D013			COLPM1	= $D013
   282 = D014			COLPM2	= $D014
   283 = D015			COLPM3	= $D015
   284 = D016			COLPF0	= $D016
   285 = D017			COLPF1	= $D017
   286 = D018			COLPF2	= $D018
   287 = D019			COLPF3	= $D019
   288 = D01A			COLBK	= $D01A
   289 = D01B			PRIOR	= $D01B
   290 = D01D			GRACTL	= $D01D
   291 = D01E			HITCLR	= $D01E
   292 = D200			AUDF1	= $D200
   293 = D201			AUDC1	= $D201
   294 = D202			AUDF2	= $D202
   295 = D203			AUDC2	= $D203
   296 = D204			AUDF3	= $D204
   297 = D205			AUDC3	= $D205
   298 = D206			AUDF4	= $D206
   299 = D207			AUDC4	= $D207
   300 = D208			AUDCTL	= $D208
   301 = D20F			SKSTAT	= $D20F
   302 = D301			PORTB	= $D301
   303 = D400			DMACTL	= $D400
   304 = D401			CHACTL	= $D401
   305 = D402			DLISTL	= $D402
   306 = D404			HSCROL	= $D404
   307 = D405			VSCROL	= $D405
   308 = D407			PMBASE	= $D407
   309 = D409			CHBASE	= $D409
   310 = D40A			WSYNC	= $D40A
   311 = D40B			VCOUNT	= $D40B
   312 = D40C			PENH	= $D40C
   313 = D40D			PENV	= $D40D
   314 = D40E			NMIEN	= $D40E
   315
   316 				.endl							; UNIT ATARI
   317
   318 				; ------------------------------------------------------------
   319
   320 2147			.local	CRT						; UNIT
   321
   322 				; ------------------------------------------------------------
   323
   324 = 21B5			TEXTATTR	= DATAORIGIN+$000B
   325 = D01F			CONSOL	= $D01F
   326 = 0000			CN_START_SELECT_OPTION	= $00
   327 = 0001			CN_SELECT_OPTION	= $01
   328 = 0002			CN_START_OPTION	= $02
   329 = 0003			CN_OPTION	= $03
   330 = 0004			CN_START_SELECT	= $04
   331 = 0005			CN_SELECT	= $05
   332 = 0006			CN_START	= $06
   333 = 0007			CN_NONE	= $07
   334 = 0000			BW40	= $00
   335 = 0001			CO40	= $01
   336 = 0002			BW80	= $02
   337 = 0003			CO80	= $03
   338 = 0007			MONO	= $07
   339 = 0001			C40	= $01
   340 = 0003			C80	= $03
   341 = 0000			BLACK	= $00
   342 = 0001			BLUE	= $01
   343 = 0002			GREEN	= $02
   344 = 0003			CYAN	= $03
   345 = 0004			RED	= $04
   346 = 0005			MAGENTA	= $05
   347 = 0006			BROWN	= $06
   348 = 0007			LIGHTGRAY	= $07
   349 = 0008			DARKGRAY	= $08
   350 = 0009			LIGHTBLUE	= $09
   351 = 000A			LIGHTGREEN	= $0A
   352 = 000B			LIGHTCYAN	= $0B
   353 = 000C			LIGHTRED	= $0C
   354 = 000D			LIGHTMAGENTA	= $0D
   355 = 000E			YELLOW	= $0E
   356 = 000F			WHITE	= $0F
   357 = 0080			BLINK	= $80
   358
   359 				.endl							; UNIT CRT
   360
   361 2147			.local	MAINPROC					; PROCEDURE
   362
   363 				; optimize FAIL (100, examples\byteval.pas), line = 16
   364 					@print #$7D
   364 				 LDY# $7D\ JSR @PRINT
   364 2147 A0 7D		 LDY# $7D
   364 2149 20 58 20		 JSR @PRINT
   365
   366 				; optimize OK (examples\byteval.pas), line = 17
   367
   368 214C A9 0E 8D B6 21		mva #$0E N2
   369
   370 				; optimize FAIL (100, examples\byteval.pas), line = 18
   371 					@printSTRING #CODEORIGIN+$0000
   371 				 LDY> CODEORIGIN+$0000\ LDA< CODEORIGIN+$0000\ JSR @PRINTSTRING
   371 2151 A0 20		 LDY> CODEORIGIN+$0000
   371 2153 A9 00		 LDA< CODEORIGIN+$0000
   371 2155 20 61 20		 JSR @PRINTSTRING
   372
   373 				; optimize FAIL (100, examples\byteval.pas), line = 19
   374 2158 AD FC 02			lda N1
   375 215B 20 92 20			jsr @printBYTE._a
   376 215E 20 53 20			@printEOL
   377
   378 				; optimize FAIL (100, examples\byteval.pas), line = 20
   379 					@printSTRING #CODEORIGIN+$0012
   379 				 LDY> CODEORIGIN+$0012\ LDA< CODEORIGIN+$0012\ JSR @PRINTSTRING
   379 2161 A0 20		 LDY> CODEORIGIN+$0012
   379 2163 A9 12		 LDA< CODEORIGIN+$0012
   379 2165 20 61 20		 JSR @PRINTSTRING
   380
   381 				; optimize FAIL (100, examples\byteval.pas), line = 21
   382 2168 AD B6 21			lda N2
   383 216B 20 92 20			jsr @printBYTE._a
   384 216E 20 53 20			@printEOL
   385
   386 				; optimize FAIL (100, examples\byteval.pas), line = 22
   387 					@printSTRING #CODEORIGIN+$0023
   387 				 LDY> CODEORIGIN+$0023\ LDA< CODEORIGIN+$0023\ JSR @PRINTSTRING
   387 2171 A0 20		 LDY> CODEORIGIN+$0023
   387 2173 A9 23		 LDA< CODEORIGIN+$0023
   387 2175 20 61 20		 JSR @PRINTSTRING
   388
   389 				; optimize FAIL (100, examples\byteval.pas), line = 23
   390 2178 AD B7 21			lda N3
   391 217B 20 92 20			jsr @printBYTE._a
   392 217E 20 53 20			@printEOL
   393
   394 				; optimize OK (examples\byteval.pas), line = 24
   395
   396 2181 A9 FF 8D FC 02		mva #$FF N1
   397
   398 				; --- WhileProlog
   399 2186			l_00CB
   400
   401 				; optimize OK (examples\byteval.pas), line = 25
   402
   403 2186 AD FC 02			lda N1
   404 2189 C9 FF			cmp #$FF
   405 218B F0 F9			jeq l_00CB
   406
   407 				; optimize OK (examples\byteval.pas), line = 27
   408
   409 218D A9 FF 8D FC 02		mva #$FF N1
   410
   411 				; ------------------------------------------------------------
   412
   413 = 02FC			N1	= $02FC
   414 = 21B6			N2	= DATAORIGIN+$000C
   415 = 21B7			N3	= DATAORIGIN+$000D
   416
   417 = 21B6			@VarData	= N2
   418 = 0002			@VarDataSize	= 2
   419
   420 2192			@exit
   421 					.ifdef @new
   422 					lda <@VarData
   423 					sta :ztmp
   424 					lda >@VarData
   425 					ldy #@VarDataSize-1
   426 					jmp @FreeMem
   427 					eif
   428 2192 60				rts						; ret
   429 				.endl
   430 2193			l_0047
   431
   432 				; optimize FAIL ('MAINPROC', examples\byteval.pas), line = 31
   433 2193 20 47 21			jsr MAINPROC
   434
   435 				; ------------------------------------------------------------
   436
   437 2196			@exit
   438
   439 2196 A2 00		@halt	ldx #0
   440 2198 9A				txs
   441 					.ifdef MAIN.@DEFINES.ROMOFF
   442 					inc portb
   443 					.endif
   444
   445 2199 60				rts
   446
   447 				; ------------------------------------------------------------
   448
   449 219A 00 00 00 00 00 00 + IOCB@COPY	:16 brk
   450
   451 				; ------------------------------------------------------------
   452
   453 21AA			.local	@DEFINES
   454 21AA			ATARI
   455 				.endl
   456
   457 				.endl							; MAIN
   458
   459 				; ------------------------------------------------------------
   460 				; ------------------------------------------------------------
   461
   462 				.macro	UNITINITIALIZATION
   463 				
   464 					.ifdef MAIN.SYSTEM.@UnitInit
   465 					jsr MAIN.SYSTEM.@UnitInit
   466 					eif
   467 				
   468 					.ifdef MAIN.ATARI.@UnitInit
   469 					jsr MAIN.ATARI.@UnitInit
   470 					eif
   471 				
   472 					.ifdef MAIN.CRT.@UnitInit
   473 					jsr MAIN.CRT.@UnitInit
   474 					eif
   475 				.endm
   476
   477 				; ------------------------------------------------------------
   478
   479 					ift .SIZEOF(MAIN.SYSTEM) > 0
   480 					.print 'SYSTEM: ',MAIN.SYSTEM,'..',MAIN.SYSTEM+.SIZEOF(MAIN.SYSTEM)-1
   480 				SYSTEM: $2143..$2146
   481 					eif
   482
   483 					ift .SIZEOF(MAIN.ATARI) > 0
   484 					.print 'ATARI: ',MAIN.ATARI,'..',MAIN.ATARI+.SIZEOF(MAIN.ATARI)-1
   485 					eif
   486
   487 					ift .SIZEOF(MAIN.CRT) > 0
   488 					.print 'CRT: ',MAIN.CRT,'..',MAIN.CRT+.SIZEOF(MAIN.CRT)-1
   489 					eif
   490
   491 					.print 'CODE: ',CODEORIGIN,'..',*-1
   491 				CODE: $2000..$21A9
   492
   493 				; ------------------------------------------------------------
   494
   495 21AA			DATAORIGIN
   496 21AA 28 00 18 00 2D 0C + .by  $28 $00 $18 $00 $2D $0C $00 $00  $00 $00 $00 $00 $00 $0C
   497
   498 = 000E			VARINITSIZE	= *-DATAORIGIN
   499 = 000E			VARDATASIZE	= 14
   500
   501 = 21B8			PROGRAMSTACK	= DATAORIGIN+VARDATASIZE
   502
   503 					.print 'DATA: ',DATAORIGIN,'..',PROGRAMSTACK
   503 				DATA: $21AA..$21B8
   504
   505 02E0-02E1> 1D 21			run START
   506
   507 				; ------------------------------------------------------------
   508
   509 				.macro	STATICDATA
   510 				.by  $10 $56 $61 $6C $75 $65 $20 $6F  $66 $20 $37 $36 $34 $20 $69 $73  $20 $00 $0F $56 $61 $6C $75 $65
   511 				.by  $20 $6F $66 $20 $4E $32 $20 $69  $73 $20 $00 $1B $50 $72 $65 $64  $65 $63 $6C $61 $72 $65 $64 $20
   512 				.by  $76 $61 $6C $75 $65 $20 $6F $66  $20 $4E $33 $20 $69 $73 $20 $00
   513 				.endm
   514
   515 					end
