mads 2.1.0 build 4 (27 Oct 19)
  3726 					opt l+
    95
    96 				.print 'RUNLIB: ',RUNLIB,'..',*
    96 				RUNLIB: $20F6..$21EB
    97
    98 				; ------------------------------------------------------------
    99
   100 21EB			START
   101 21EB BA				tsx
   102 21EC 8E 5F 23			stx MAIN.@halt+1
   103
   104 					.ifdef fmulinit
   105 					fmulinit
   106 					eif
   107
   108 = 0009			VLEN	= VARDATASIZE-VARINITSIZE
   109 = 2378			VADR	= DATAORIGIN+VARINITSIZE
   110
   111 					ift VADR > $BFFF
   112 					ert 'Invalid memory address range ',VADR
   113 					eli (VLEN>0) && (VLEN<=256)
   114 21EF A2 F7			ldx #256-VLEN
   115 21F1 A9 00			lda #0
   116 21F3 9D 81 22 E8 D0 FA		sta:rne VADR+VLEN-256,x+
   117 					eli VLEN>0
   118 					@fill #VADR #VLEN #0
   119 					eif
   120
   121 21F9 A2 0F			ldx #$0f
   122 21FB BD 40 03 9D 62 23 + 	mva:rpl $340,x MAIN.IOCB@COPY,x-
   123
   124 2204 E8				inx		; X = 0 !!!
   125 2205 86 8E			stx bp		; lo BP = 0
   126
   127 2207				UNITINITIALIZATION
Macro: UNITINITIALIZATION [Source: loop_exit.a65]
   128
   129 2207			.local	MAIN						; PROCEDURE
   130
   131 2207 4C 5B 23			jmp l_00FD
   132
   133 				; ------------------------------------------------------------
   134
   135 220A			.local	SYSTEM						; UNIT
   136
   137 				; ------------------------------------------------------------
   138
   139 = 0648			M_PI_2	= $0648
   140 = 0192			D_PI_2	= $0192
   141 = 0004			D_PI_180	= $0004
   142 = 0000			MGTIA	= $0000
   143 = 0080			MVBXE	= $0080
   144 = 0000			VBXE_XDLADR	= $0000
   145 = 0100			VBXE_BCBADR	= $0100
   146 = 1000			VBXE_MAPADR	= $1000
   147 = 5000			VBXE_OVRADR	= $5000
   148 = B000			VBXE_WINDOW	= $B000
   149 = 0000			IDLI	= $0000
   150 = 0001			IVBL	= $0001
   151 = 00FE			CH_DELCHR	= $00FE
   152 = 009B			CH_ENTER	= $009B
   153 = 001B			CH_ESC	= $001B
   154 = 001C			CH_CURS_UP	= $001C
   155 = 001D			CH_CURS_DOWN	= $001D
   156 = 001E			CH_CURS_LEFT	= $001E
   157 = 001F			CH_CURS_RIGHT	= $001F
   158 = 007F			CH_TAB	= $007F
   159 = 009B			CH_EOL	= $009B
   160 = 007D			CH_CLR	= $007D
   161 = 00FD			CH_BELL	= $00FD
   162 = 007E			CH_DEL	= $007E
   163 = 009C			CH_DELLINE	= $009C
   164 = 009D			CH_INSLINE	= $009D
   165 = 0000			COLOR_BLACK	= $0000
   166 = 000E			COLOR_WHITE	= $000E
   167 = 0032			COLOR_RED	= $0032
   168 = 0096			COLOR_CYAN	= $0096
   169 = 0068			COLOR_VIOLET	= $0068
   170 = 00C4			COLOR_GREEN	= $00C4
   171 = 0074			COLOR_BLUE	= $0074
   172 = 00EE			COLOR_YELLOW	= $00EE
   173 = 0028			COLOR_ORANGE	= $0028
   174 = 00E4			COLOR_BROWN	= $00E4
   175 = 003C			COLOR_LIGHTRED	= $003C
   176 = 0004			COLOR_GRAY1	= $0004
   177 = 0006			COLOR_GRAY2	= $0006
   178 = 000A			COLOR_GRAY3	= $000A
   179 = 00CC			COLOR_LIGHTGREEN	= $00CC
   180 = 007C			COLOR_LIGHTBLUE	= $007C
   181 = 0004			FMOPENREAD	= $0004
   182 = 0008			FMOPENWRITE	= $0008
   183 = 0009			FMOPENAPPEND	= $0009
   184 = 000C			FMOPENREADWRITE	= $000C
   185 = 2372			SCREENWIDTH	= DATAORIGIN+$0000
   186 = 2374			SCREENHEIGHT	= DATAORIGIN+$0002
   187 = 2376			DATESEPARATOR	= DATAORIGIN+$0004
   188 = D014			TVSYSTEM	= $D014
   189 = 02C0			adr.PALETTE	= $02C0
   190 220A			.var PALETTE	= adr.PALETTE .word
   191 = D012			adr.HPALETTE	= $D012
   192 220A			.var HPALETTE	= adr.HPALETTE .word
   193 = 2377			FILEMODE	= DATAORIGIN+$0005
   194 = 2378			SCREENMODE	= DATAORIGIN+$0006
   195 = 2379			IORESULT	= DATAORIGIN+$0007
   196 = 237A			EOLN	= DATAORIGIN+$0008
   197 = 237B			RNDSEED	= DATAORIGIN+$0009
   198
   199 = 220A C0 02		PALETTE
   199 = 220C 12 D0		HPALETTE
   199 				.endl							; UNIT SYSTEM
   200
   201 				; ------------------------------------------------------------
   202
   203 220E			.local	DOS						; UNIT
   204
   205 				; ------------------------------------------------------------
   206
   207 = D014			PALNTSC	= $D014
   208
   209 				.endl							; UNIT DOS
   210
   211 				; ------------------------------------------------------------
   212
   213 220E			.local	STRUTILS					; UNIT
   214
   215 				; ------------------------------------------------------------
   216
   217 				.endl							; UNIT STRUTILS
   218
   219 				; ------------------------------------------------------------
   220
   221 220E			.local	SYSUTILS					; UNIT
   222
   223 				; ------------------------------------------------------------
   224
   225 = 0001			FAREADONLY	= $0001
   226 = 0002			FAHIDDEN	= $0002
   227 = 0004			FASYSFILE	= $0004
   228 = 0008			FAVOLUMEID	= $0008
   229 = 0010			FADIRECTORY	= $0010
   230 = 0020			FAARCHIVE	= $0020
   231 = 003F			FAANYFILE	= $003F
   232
   233 				.endl							; UNIT SYSUTILS
   234
   235 				; ------------------------------------------------------------
   236
   237 220E			.local	ATARI						; UNIT
   238
   239 				; ------------------------------------------------------------
   240
   241 = 0012			RTCLOK	= $0012
   242 = 004D			ATRACT	= $004D
   243 = 0052			LMARGIN	= $0052
   244 = 0053			RMARGIN	= $0053
   245 = 0054			ROWCRS	= $0054
   246 = 0055			COLCRS	= $0055
   247 = 0057			DINDEX	= $0057
   248 = 0058			SAVMSC	= $0058
   249 = 006A			RAMTOP	= $006A
   250 = 0200			VDSLST	= $0200
   251 = 0230			SDLSTL	= $0230
   252 = 0290			TXTROW	= $0290
   253 = 0291			TXTCOL	= $0291
   254 = 0293			TINDEX	= $0293
   255 = 0294			TXTMSC	= $0294
   256 = 022F			SDMCTL	= $022F
   257 = 026F			GPRIOR	= $026F
   258 = 02F0			CRSINH	= $02F0
   259 = 02F3			CHACT	= $02F3
   260 = 02F4			CHBAS	= $02F4
   261 = 02FC			CH	= $02FC
   262 = 02C0			PCOLR0	= $02C0
   263 = 02C1			PCOLR1	= $02C1
   264 = 02C2			PCOLR2	= $02C2
   265 = 02C3			PCOLR3	= $02C3
   266 = 02C4			COLOR0	= $02C4
   267 = 02C5			COLOR1	= $02C5
   268 = 02C6			COLOR2	= $02C6
   269 = 02C7			COLOR3	= $02C7
   270 = 02C8			COLOR4	= $02C8
   271 = 02C8			COLBAKS	= $02C8
   272 = D000			HPOSP0	= $D000
   273 = D001			HPOSP1	= $D001
   274 = D002			HPOSP2	= $D002
   275 = D003			HPOSP3	= $D003
   276 = D004			HPOSM0	= $D004
   277 = D005			HPOSM1	= $D005
   278 = D006			HPOSM2	= $D006
   279 = D007			HPOSM3	= $D007
   280 = D008			SIZEP0	= $D008
   281 = D009			SIZEP1	= $D009
   282 = D00A			SIZEP2	= $D00A
   283 = D00B			SIZEP3	= $D00B
   284 = D00C			SIZEM	= $D00C
   285 = D00D			GRAFP0	= $D00D
   286 = D00E			GRAFP1	= $D00E
   287 = D00F			GRAFP2	= $D00F
   288 = D010			GRAFP3	= $D010
   289 = D011			GRAFM	= $D011
   290 = D004			P0PF	= $D004
   291 = D014			PAL	= $D014
   292 = D012			COLPM0	= $D012
   293 = D013			COLPM1	= $D013
   294 = D014			COLPM2	= $D014
   295 = D015			COLPM3	= $D015
   296 = D016			COLPF0	= $D016
   297 = D017			COLPF1	= $D017
   298 = D018			COLPF2	= $D018
   299 = D019			COLPF3	= $D019
   300 = D01A			COLBK	= $D01A
   301 = D01B			PRIOR	= $D01B
   302 = D01D			GRACTL	= $D01D
   303 = D01E			HITCLR	= $D01E
   304 = D200			AUDF1	= $D200
   305 = D201			AUDC1	= $D201
   306 = D202			AUDF2	= $D202
   307 = D203			AUDC2	= $D203
   308 = D204			AUDF3	= $D204
   309 = D205			AUDC3	= $D205
   310 = D206			AUDF4	= $D206
   311 = D207			AUDC4	= $D207
   312 = D208			AUDCTL	= $D208
   313 = D20F			SKSTAT	= $D20F
   314 = D301			PORTB	= $D301
   315 = D400			DMACTL	= $D400
   316 = D401			CHACTL	= $D401
   317 = D402			DLISTL	= $D402
   318 = D404			HSCROL	= $D404
   319 = D405			VSCROL	= $D405
   320 = D407			PMBASE	= $D407
   321 = D409			CHBASE	= $D409
   322 = D40A			WSYNC	= $D40A
   323 = D40B			VCOUNT	= $D40B
   324 = D40C			PENH	= $D40C
   325 = D40D			PENV	= $D40D
   326 = D40E			NMIEN	= $D40E
   327
   328 				.endl							; UNIT ATARI
   329
   330 				; ------------------------------------------------------------
   331
   332 220E			.local	CRT						; UNIT
   333
   334 220E			.local	READKEY						; FUNCTION | ASSEMBLER
   335
   336 				; ---------------------  ASM Block 063  ---------------------
   337
   338 220E 8A 48			txa:pha
   339
   340 2210 20 DB 21			@GetKey
   341
   342 2213 8D 7E 23			sta Result
   343
   344 2216 68 AA			pla:tax
   345
   346 2218			@exit
   347
   348 				; ------------------------------------------------------------
   349
   350 				; Push BYTE / CHAR / SHORTINT / BOOLEAN
   351 				; as Pointer
   352
   353 2218 E8				inx						; add bx, 1
   354 2219 AD 7E 23 95 98		mva RESULT :STACKORIGIN,x
   355
   356 					.ifdef @new
   357 					@FreeMem #@VarData #@VarDataSize
   358 					eif
   359
   360 				; ------------------------------------------------------------
   361
   362 = 237E			RESULT	= DATAORIGIN+$000C
   363
   364 = 237E			@VarData	= RESULT
   365 = 0001			@VarDataSize	= 1
   366
   367 221E 60				rts						; ret
   368 				.endl
   369
   370 				; ------------------------------------------------------------
   371
   372 = 237D			TEXTATTR	= DATAORIGIN+$000B
   373 = D01F			CONSOL	= $D01F
   374 = 0000			CN_START_SELECT_OPTION	= $0000
   375 = 0001			CN_SELECT_OPTION	= $0001
   376 = 0002			CN_START_OPTION	= $0002
   377 = 0003			CN_OPTION	= $0003
   378 = 0004			CN_START_SELECT	= $0004
   379 = 0005			CN_SELECT	= $0005
   380 = 0006			CN_START	= $0006
   381 = 0007			CN_NONE	= $0007
   382 = 0000			BW40	= $0000
   383 = 0001			CO40	= $0001
   384 = 0002			BW80	= $0002
   385 = 0003			CO80	= $0003
   386 = 0007			MONO	= $0007
   387 = 0001			C40	= $0001
   388 = 0003			C80	= $0003
   389 = 0000			BLACK	= $0000
   390 = 0001			BLUE	= $0001
   391 = 0002			GREEN	= $0002
   392 = 0003			CYAN	= $0003
   393 = 0004			RED	= $0004
   394 = 0005			MAGENTA	= $0005
   395 = 0006			BROWN	= $0006
   396 = 0007			LIGHTGRAY	= $0007
   397 = 0008			DARKGRAY	= $0008
   398 = 0009			LIGHTBLUE	= $0009
   399 = 000A			LIGHTGREEN	= $000A
   400 = 000B			LIGHTCYAN	= $000B
   401 = 000C			LIGHTRED	= $000C
   402 = 000D			LIGHTMAGENTA	= $000D
   403 = 000E			YELLOW	= $000E
   404 = 000F			WHITE	= $000F
   405 = 0080			BLINK	= $0080
   406
   407 				.endl							; UNIT CRT
   408
   409 221F			.local	MAINPROC					; PROCEDURE
   410
   411 				; optimize FAIL (100, examples\loop_exit.pas), line = 16
   412 					@print #$7D
   412 				 LDY# $7D\ JSR @PRINT
   412 221F A0 7D		 LDY# $7D
   412 2221 20 FB 20		 JSR @PRINT
   413
   414 				; optimize FAIL (100, examples\loop_exit.pas), line = 17
   415 					@printSTRING #CODEORIGIN+$000D
   415 				 LDY> CODEORIGIN+$000D\ LDA< CODEORIGIN+$000D\ JSR @PRINTSTRING
   415 2224 A0 20		 LDY> CODEORIGIN+$000D
   415 2226 A9 0D		 LDA< CODEORIGIN+$000D
   415 2228 20 04 21		 JSR @PRINTSTRING
   416 222B 20 F6 20			@printEOL
   417
   418 				; optimize FAIL (100, examples\loop_exit.pas), line = 18
   419 					@printSTRING #CODEORIGIN+$0020
   419 				 LDY> CODEORIGIN+$0020\ LDA< CODEORIGIN+$0020\ JSR @PRINTSTRING
   419 222E A0 20		 LDY> CODEORIGIN+$0020
   419 2230 A9 20		 LDA< CODEORIGIN+$0020
   419 2232 20 04 21		 JSR @PRINTSTRING
   420 2235 20 F6 20			@printEOL
   421
   422 				; optimize FAIL (100, examples\loop_exit.pas), line = 19
   423 					@printSTRING #CODEORIGIN+$005B
   423 				 LDY> CODEORIGIN+$005B\ LDA< CODEORIGIN+$005B\ JSR @PRINTSTRING
   423 2238 A0 20		 LDY> CODEORIGIN+$005B
   423 223A A9 5B		 LDA< CODEORIGIN+$005B
   423 223C 20 04 21		 JSR @PRINTSTRING
   424 223F 20 F6 20			@printEOL
   425
   426 				; optimize FAIL (100, examples\loop_exit.pas), line = 20
   427 					@printSTRING #CODEORIGIN+$005D
   427 				 LDY> CODEORIGIN+$005D\ LDA< CODEORIGIN+$005D\ JSR @PRINTSTRING
   427 2242 A0 20		 LDY> CODEORIGIN+$005D
   427 2244 A9 5D		 LDA< CODEORIGIN+$005D
   427 2246 20 04 21		 JSR @PRINTSTRING
   428 2249 20 F6 20			@printEOL
   429
   430 				; optimize FAIL (100, examples\loop_exit.pas), line = 21
   431 					@printSTRING #CODEORIGIN+$005A
   431 				 LDY> CODEORIGIN+$005A\ LDA< CODEORIGIN+$005A\ JSR @PRINTSTRING
   431 224C A0 20		 LDY> CODEORIGIN+$005A
   431 224E A9 5A		 LDA< CODEORIGIN+$005A
   431 2250 20 04 21		 JSR @PRINTSTRING
   432 2253 20 F6 20			@printEOL
   433
   434 				; optimize OK (examples\loop_exit.pas), line = 22
   435
   436 2256 A9 01 8D 80 23		mva #$01 N
   437 				; --- For
   438
   439 				; optimize OK (examples\loop_exit.pas), line = 23
   440
   441 225B 8D 80 23			sta N
   442
   443 				; optimize OK (examples\loop_exit.pas), line = 23
   444
   445 				; --- To
   446 225E			l_0164
   447
   448 				; --- ForToDoCondition
   449
   450 				; optimize OK (examples\loop_exit.pas), line = 23
   451
   452 225E AD 80 23			lda N
   453 2261 C9 0A			cmp #$0A
   454 2263 90 02			scc
   455 2265 D0 1E			jne l_0172
   456
   457 				; optimize FAIL (100, examples\loop_exit.pas), line = 24
   458 2267 E8				inx
   459 2268 AD 80 23 95 98		mva N :STACKORIGIN,x
   460 226D 20 44 21			jsr @printBYTE
   461 2270 CA				dex
   462
   463 				; optimize FAIL (100, examples\loop_exit.pas), line = 25
   464 					@print #$2C
   464 				 LDY# $2C\ JSR @PRINT
   464 2271 A0 2C		 LDY# $2C
   464 2273 20 FB 20		 JSR @PRINT
   465
   466 				; optimize OK (examples\loop_exit.pas), line = 26
   467
   468 2276 AD 80 23			lda N
   469 2279 C9 07			cmp #$07
   470 227B D0 03			jne l_0192
   471
   472 227D 4C 85 22			jmp b_0164					; break
   473 2280			l_0192
   474
   475 				; --- ForToDoEpilog
   476 2280 EE 80 23			inc N						; inc ptr byte [CounterAddress]
   477
   478 2283 D0 D9			jne l_0164
   479
   480 2285			l_0172
   481 2285			b_0164
   482
   483 				; optimize FAIL (100, examples\loop_exit.pas), line = 30
   484 					@printSTRING #CODEORIGIN+$005A
   484 				 LDY> CODEORIGIN+$005A\ LDA< CODEORIGIN+$005A\ JSR @PRINTSTRING
   484 2285 A0 20		 LDY> CODEORIGIN+$005A
   484 2287 A9 5A		 LDA< CODEORIGIN+$005A
   484 2289 20 04 21		 JSR @PRINTSTRING
   485 228C 20 F6 20			@printEOL
   486
   487 				; optimize FAIL (100, examples\loop_exit.pas), line = 31
   488 					@printSTRING #CODEORIGIN+$0077
   488 				 LDY> CODEORIGIN+$0077\ LDA< CODEORIGIN+$0077\ JSR @PRINTSTRING
   488 228F A0 20		 LDY> CODEORIGIN+$0077
   488 2291 A9 77		 LDA< CODEORIGIN+$0077
   488 2293 20 04 21		 JSR @PRINTSTRING
   489 2296 20 F6 20			@printEOL
   490
   491 				; optimize FAIL (100, examples\loop_exit.pas), line = 32
   492 					@printSTRING #CODEORIGIN+$005A
   492 				 LDY> CODEORIGIN+$005A\ LDA< CODEORIGIN+$005A\ JSR @PRINTSTRING
   492 2299 A0 20		 LDY> CODEORIGIN+$005A
   492 229B A9 5A		 LDA< CODEORIGIN+$005A
   492 229D 20 04 21		 JSR @PRINTSTRING
   493 22A0 20 F6 20			@printEOL
   494
   495 				; optimize FAIL (100, examples\loop_exit.pas), line = 33
   496 					@printSTRING #CODEORIGIN+$008F
   496 				 LDY> CODEORIGIN+$008F\ LDA< CODEORIGIN+$008F\ JSR @PRINTSTRING
   496 22A3 A0 20		 LDY> CODEORIGIN+$008F
   496 22A5 A9 8F		 LDA< CODEORIGIN+$008F
   496 22A7 20 04 21		 JSR @PRINTSTRING
   497 22AA 20 F6 20			@printEOL
   498
   499 				; optimize FAIL (100, examples\loop_exit.pas), line = 34
   500 					@printSTRING #CODEORIGIN+$005A
   500 				 LDY> CODEORIGIN+$005A\ LDA< CODEORIGIN+$005A\ JSR @PRINTSTRING
   500 22AD A0 20		 LDY> CODEORIGIN+$005A
   500 22AF A9 5A		 LDA< CODEORIGIN+$005A
   500 22B1 20 04 21		 JSR @PRINTSTRING
   501 22B4 20 F6 20			@printEOL
   502
   503 				; optimize OK (examples\loop_exit.pas), line = 35
   504
   505 22B7 A9 01 8D 80 23		mva #$01 N
   506
   507 				; optimize OK (examples\loop_exit.pas), line = 36
   508
   509 22BC EE 80 23			inc N
   510
   511 				; --- WhileProlog
   512 22BF			l_01B8
   513
   514 				; optimize OK (examples\loop_exit.pas), line = 37
   515
   516 22BF AD 80 23			lda N
   517 22C2 C9 15			cmp #$15
   518 22C4 B0 1F			jcs l_01C7
   519
   520 				; optimize FAIL (100, examples\loop_exit.pas), line = 38
   521 22C6 E8				inx
   522 22C7 AD 80 23 95 98		mva N :STACKORIGIN,x
   523 22CC 20 44 21			jsr @printBYTE
   524 22CF CA				dex
   525
   526 				; optimize FAIL (100, examples\loop_exit.pas), line = 39
   527 					@print #$2C
   527 				 LDY# $2C\ JSR @PRINT
   527 22D0 A0 2C		 LDY# $2C
   527 22D2 20 FB 20		 JSR @PRINT
   528
   529 				; optimize OK (examples\loop_exit.pas), line = 40
   530
   531 22D5 AD 80 23			lda N
   532 22D8 C9 0E			cmp #$0E
   533 22DA D0 03			jne l_01E7
   534
   535 22DC 4C E5 22			jmp b_01B8					; break
   536 22DF			l_01E7
   537
   538 				; optimize OK (examples\loop_exit.pas), line = 43
   539
   540 22DF EE 80 23			inc N
   541 22E2 4C BF 22			jmp l_01B8
   542 22E5			l_01C7
   543 22E5			b_01B8
   544
   545 				; optimize FAIL (100, examples\loop_exit.pas), line = 45
   546 					@printSTRING #CODEORIGIN+$005A
   546 				 LDY> CODEORIGIN+$005A\ LDA< CODEORIGIN+$005A\ JSR @PRINTSTRING
   546 22E5 A0 20		 LDY> CODEORIGIN+$005A
   546 22E7 A9 5A		 LDA< CODEORIGIN+$005A
   546 22E9 20 04 21		 JSR @PRINTSTRING
   547 22EC 20 F6 20			@printEOL
   548
   549 				; optimize FAIL (100, examples\loop_exit.pas), line = 46
   550 					@printSTRING #CODEORIGIN+$00A9
   550 				 LDY> CODEORIGIN+$00A9\ LDA< CODEORIGIN+$00A9\ JSR @PRINTSTRING
   550 22EF A0 20		 LDY> CODEORIGIN+$00A9
   550 22F1 A9 A9		 LDA< CODEORIGIN+$00A9
   550 22F3 20 04 21		 JSR @PRINTSTRING
   551 22F6 20 F6 20			@printEOL
   552
   553 				; optimize FAIL (100, examples\loop_exit.pas), line = 47
   554 					@printSTRING #CODEORIGIN+$005A
   554 				 LDY> CODEORIGIN+$005A\ LDA< CODEORIGIN+$005A\ JSR @PRINTSTRING
   554 22F9 A0 20		 LDY> CODEORIGIN+$005A
   554 22FB A9 5A		 LDA< CODEORIGIN+$005A
   554 22FD 20 04 21		 JSR @PRINTSTRING
   555 2300 20 F6 20			@printEOL
   556
   557 				; optimize FAIL (100, examples\loop_exit.pas), line = 48
   558 					@printSTRING #CODEORIGIN+$00C3
   558 				 LDY> CODEORIGIN+$00C3\ LDA< CODEORIGIN+$00C3\ JSR @PRINTSTRING
   558 2303 A0 20		 LDY> CODEORIGIN+$00C3
   558 2305 A9 C3		 LDA< CODEORIGIN+$00C3
   558 2307 20 04 21		 JSR @PRINTSTRING
   559 230A 20 F6 20			@printEOL
   560
   561 				; optimize FAIL (100, examples\loop_exit.pas), line = 49
   562 					@printSTRING #CODEORIGIN+$005A
   562 				 LDY> CODEORIGIN+$005A\ LDA< CODEORIGIN+$005A\ JSR @PRINTSTRING
   562 230D A0 20		 LDY> CODEORIGIN+$005A
   562 230F A9 5A		 LDA< CODEORIGIN+$005A
   562 2311 20 04 21		 JSR @PRINTSTRING
   563 2314 20 F6 20			@printEOL
   564
   565 				; optimize OK (examples\loop_exit.pas), line = 50
   566
   567 2317 A9 00 8D 80 23		mva #$00 N
   568
   569 				; --- RepeatUntilProlog
   570 231C			l_0209
   571
   572 				; optimize FAIL (0, examples\loop_exit.pas), line = 52
   573 231C EE 80 23			inc N
   574
   575 				; optimize FAIL (100, examples\loop_exit.pas), line = 53
   576 231F E8				inx
   577 2320 AD 80 23 95 98		mva N :STACKORIGIN,x
   578 2325 20 44 21			jsr @printBYTE
   579 2328 CA				dex
   580
   581 				; optimize FAIL (100, examples\loop_exit.pas), line = 54
   582 					@print #$2C
   582 				 LDY# $2C\ JSR @PRINT
   582 2329 A0 2C		 LDY# $2C
   582 232B 20 FB 20		 JSR @PRINT
   583
   584 232E 4C 3D 23			jmp b_0209					; break
   585
   586 				; optimize OK (examples\loop_exit.pas), line = 56
   587
   588 2331 A9 06 8D 80 23		mva #$06 N
   589
   590 				; optimize OK (examples\loop_exit.pas), line = 57
   591
   592 2336 AD 80 23			lda N
   593 2339 C9 06			cmp #$06
   594 233B D0 DF			jne l_0209
   595 233D			b_0209
   596
   597 				; optimize FAIL (100, examples\loop_exit.pas), line = 58
   598 					@printSTRING #CODEORIGIN+$005A
   598 				 LDY> CODEORIGIN+$005A\ LDA< CODEORIGIN+$005A\ JSR @PRINTSTRING
   598 233D A0 20		 LDY> CODEORIGIN+$005A
   598 233F A9 5A		 LDA< CODEORIGIN+$005A
   598 2341 20 04 21		 JSR @PRINTSTRING
   599 2344 20 F6 20			@printEOL
   600
   601 				; optimize FAIL (100, examples\loop_exit.pas), line = 59
   602 					@printSTRING #CODEORIGIN+$00DC
   602 				 LDY> CODEORIGIN+$00DC\ LDA< CODEORIGIN+$00DC\ JSR @PRINTSTRING
   602 2347 A0 20		 LDY> CODEORIGIN+$00DC
   602 2349 A9 DC		 LDA< CODEORIGIN+$00DC
   602 234B 20 04 21		 JSR @PRINTSTRING
   603 234E 20 F6 20			@printEOL
   604
   605 				; optimize FAIL ('CRT.READKEY', examples\loop_exit.pas), line = 60
   606 2351 20 0E 22			jsr CRT.READKEY
   607 2354 B5 98 8D 7F 23		mva :STACKORIGIN,x KEY
   608 2359 CA				dex
   609
   610 				; ------------------------------------------------------------
   611
   612 = 237F			KEY	= DATAORIGIN+$000D
   613 = 2380			N	= DATAORIGIN+$000E
   614 = 000A			@FORTMP_0161	= $000A
   615
   616 = 237F			@VarData	= KEY
   617 = 0002			@VarDataSize	= 2
   618
   619 235A			@exit
   620 					.ifdef @new
   621 					@FreeMem #@VarData #@VarDataSize
   622 					eif
   623 235A 60				rts						; ret
   624 				.endl
   625 235B			l_00FD
   626
   627 				; optimize FAIL ('MAINPROC', examples\loop_exit.pas), line = 64
   628 235B 20 1F 22			jsr MAINPROC
   629
   630 				; ------------------------------------------------------------
   631
   632 235E			@exit
   633
   634 235E A2 00		@halt	ldx #0
   635 2360 9A				txs
   636
   637 2361 60				rts
   638
   639 				; ------------------------------------------------------------
   640
   641 2362 00 00 00 00 00 00 + IOCB@COPY	:16 brk
   642
   643 				; ------------------------------------------------------------
   644
   645 2372			.local	@DEFINES
   646 2372			ATARI
   647 				.endl
   648
   649 				.endl							; MAIN
   650
   651 				; ------------------------------------------------------------
   652 				; ------------------------------------------------------------
   653
   654 				.macro	UNITINITIALIZATION
   655 				
   656 					.ifdef MAIN.SYSTEM.@UnitInit
   657 					jsr MAIN.SYSTEM.@UnitInit
   658 					eif
   659 				
   660 					.ifdef MAIN.DOS.@UnitInit
   661 					jsr MAIN.DOS.@UnitInit
   662 					eif
   663 				
   664 					.ifdef MAIN.STRUTILS.@UnitInit
   665 					jsr MAIN.STRUTILS.@UnitInit
   666 					eif
   667 				
   668 					.ifdef MAIN.SYSUTILS.@UnitInit
   669 					jsr MAIN.SYSUTILS.@UnitInit
   670 					eif
   671 				
   672 					.ifdef MAIN.ATARI.@UnitInit
   673 					jsr MAIN.ATARI.@UnitInit
   674 					eif
   675 				
   676 					.ifdef MAIN.CRT.@UnitInit
   677 					jsr MAIN.CRT.@UnitInit
   678 					eif
   679 				.endm
   680
   681 				; ------------------------------------------------------------
   682
   683 					ift .SIZEOF(MAIN.SYSTEM) > 0
   684 					.print 'SYSTEM: ',MAIN.SYSTEM,'..',MAIN.SYSTEM+.SIZEOF(MAIN.SYSTEM)-1
   684 				SYSTEM: $220A..$220D
   685 					eif
   686
   687 					ift .SIZEOF(MAIN.DOS) > 0
   688 					.print 'DOS: ',MAIN.DOS,'..',MAIN.DOS+.SIZEOF(MAIN.DOS)-1
   689 					eif
   690
   691 					ift .SIZEOF(MAIN.STRUTILS) > 0
   692 					.print 'STRUTILS: ',MAIN.STRUTILS,'..',MAIN.STRUTILS+.SIZEOF(MAIN.STRUTILS)-1
   693 					eif
   694
   695 					ift .SIZEOF(MAIN.SYSUTILS) > 0
   696 					.print 'SYSUTILS: ',MAIN.SYSUTILS,'..',MAIN.SYSUTILS+.SIZEOF(MAIN.SYSUTILS)-1
   697 					eif
   698
   699 					ift .SIZEOF(MAIN.ATARI) > 0
   700 					.print 'ATARI: ',MAIN.ATARI,'..',MAIN.ATARI+.SIZEOF(MAIN.ATARI)-1
   701 					eif
   702
   703 					ift .SIZEOF(MAIN.CRT) > 0
   704 					.print 'CRT: ',MAIN.CRT,'..',MAIN.CRT+.SIZEOF(MAIN.CRT)-1
   704 				CRT: $220E..$221E
   705 					eif
   706
   707 					.print 'CODE: ',CODEORIGIN,'..',*-1
   707 				CODE: $2000..$2371
   708
   709 				; ------------------------------------------------------------
   710
   711 2372			DATAORIGIN
   712 2372 28 00 18 00 2D 0C	.by  $28 $00 $18 $00 $2D $0C
   713
   714 = 0006			VARINITSIZE	= *-DATAORIGIN
   715 = 000F			VARDATASIZE	= 15
   716
   717 = 2381			PROGRAMSTACK	= DATAORIGIN+VARDATASIZE
   718
   719 					.print 'DATA: ',DATAORIGIN,'..',PROGRAMSTACK
   719 				DATA: $2372..$2381
   720
   721 02E0-02E1> EB 21			run START
   722
   723 				; ------------------------------------------------------------
   724
   725 				.macro	STATICDATA
   726 				.by  $04 $54 $52 $55 $45 $00 $05 $46  $41 $4C $53 $45 $00 $11 $45 $66  $66 $65 $63 $74 $75 $73 $20 $65
   727 				.by  $78 $61 $6D $70 $6C $65 $3A $00  $39 $55 $73 $69 $6E $67 $20 $45  $58 $49 $54 $20 $63 $6F $6D $6D
   728 				.by  $61 $6E $64 $20 $69 $6E $20 $6C  $6F $6F $70 $20 $73 $74 $61 $74  $65 $6D $65 $6E $74 $73 $20 $46
   729 				.by  $4F $52 $2C $57 $48 $49 $4C $45  $20 $61 $6E $64 $20 $55 $4E $54  $49 $4C $00 $00 $00 $18 $43 $6F
   730 				.by  $75 $6E $74 $69 $6E $67 $20 $66  $72 $6F $6D $20 $31 $20 $74 $6F  $20 $31 $30 $2E $2E $2E $00 $16
   731 				.by  $45 $73 $63 $61 $70 $65 $64 $20  $66 $72 $6F $6D $20 $46 $4F $52  $20 $6C $6F $6F $70 $21 $00 $18
   732 				.by  $43 $6F $75 $6E $74 $69 $6E $67  $20 $66 $72 $6F $6D $20 $31 $20  $74 $6F $20 $32 $30 $2E $2E $2E
   733 				.by  $00 $18 $45 $73 $63 $61 $70 $65  $64 $20 $66 $72 $6F $6D $20 $57  $48 $49 $4C $45 $20 $6C $6F $6F
   734 				.by  $70 $21 $00 $17 $43 $6F $75 $6E  $74 $69 $6E $67 $20 $66 $72 $6F  $6D $20 $31 $20 $74 $6F $20 $36
   735 				.by  $2E $2E $2E $00 $18 $45 $73 $63  $61 $70 $65 $64 $20 $66 $72 $6F  $6D $20 $55 $4E $54 $49 $4C $20
   736 				.by  $6C $6F $6F $70 $21 $00
   737 				.endm
   738
   739 					end
