mads 2.1.0 build 8 (23 Dec 19)
   388 					opt l+
   101
   102 				.print 'ZPAGE: ',fxptr,'..',zpend-1
   102 				ZPAGE: $0080..$00D7
   103
   104 				.print 'RTLIB: ',RTLIB,'..',*-1
   104 				RTLIB: $20A5..$221A
   105
   106 				; ------------------------------------------------------------
   107
   108 221B			START
   109 221B BA				tsx
   110 221C 8E 86 23			stx MAIN.@halt+1
   111
   112 					.ifdef fmulinit
   113 					fmulinit
   114 					eif
   115
   116 = 0110			VLEN	= VARDATASIZE-VARINITSIZE
   117 = 23A1			VADR	= DATAORIGIN+VARINITSIZE
   118
   119 					ift VADR > $BFFF
   120 					ert 'Invalid memory address range ',VADR
   121 					eli (VLEN>0) && (VLEN<=256)
   122 					ldx #256-VLEN
   123 					lda #0
   124 					sta:rne VADR+VLEN-256,x+
   125 					eli VLEN>0
   126 					@fill #VADR #VLEN #0
   126 				 MWA #VADR @FILL.PTR1\ MWA #VLEN @FILL.PTR3\ MVA #0 @FILL.PTR2\ JSR @FILL
   126 221F A9 A1 85 88 A9 23 +  MWA #VADR @FILL.PTR1
   126 2227 A9 10 85 8C A9 01 +  MWA #VLEN @FILL.PTR3
   126 222F A9 00 85 84		 MVA #0 @FILL.PTR2
   126 2233 20 E2 20		 JSR @FILL
   127 					eif
   128
   129 					.ifdef MAIN.@DEFINES.ROMOFF
   130 					icl 'atari\romoff.asm'
   131 					.endif
   132
   133 2236 A9 B1 85 82 A9 24 + 	mwa #PROGRAMSTACK psptr
   134
   135 223E A2 0F			ldx #$0f					; DOS II+/D ParamStr
   136 2240 BD 40 03 9D 89 23 + 	mva:rpl $340,x MAIN.IOCB@COPY,x-
   137
   138 2249 E8				inx						; X = 0
   139 224A 86 90			stx bp						; BP = 0
   140
   141 224C 8E 08 D2			stx audctl					; reset POKEY
   142 224F A9 03			lda #3
   143 2251 8D 0F D2			sta skctl
   144
   145 2254 CA				dex						; X = 255
   146
   147 2255				UNITINITIALIZATION
Macro: UNITINITIALIZATION [Source: pointer.a65]
Source: pointer.a65
   148
   149 2255			.local	MAIN						; PROCEDURE
   150
   151 2255 4C 82 23			jmp l_00AC
   152
   153 				; ------------------------------------------------------------
   154
   155 2258			.local	SYSTEM						; UNIT
   156
   157 				; ------------------------------------------------------------
   158
   159 = 0101			__PORTB_BANKS	= $0101
   160 = 0648			M_PI_2	= $0648
   161 = 0192			D_PI_2	= $0192
   162 = 0004			D_PI_180	= $04
   163 = 0000			MGTIA	= $00
   164 = 0080			MVBXE	= $80
   165 = 0000			VBXE_XDLADR	= $00
   166 = 0100			VBXE_BCBADR	= $0100
   167 = 1000			VBXE_MAPADR	= $1000
   168 = 5000			VBXE_OVRADR	= $5000
   169 = B000			VBXE_WINDOW	= $B000
   170 = 0000			IDLI	= $00
   171 = 0001			IVBL	= $01
   172 = 00FE			CH_DELCHR	= $FE
   173 = 009B			CH_ENTER	= $9B
   174 = 001B			CH_ESC	= $1B
   175 = 001C			CH_CURS_UP	= $1C
   176 = 001D			CH_CURS_DOWN	= $1D
   177 = 001E			CH_CURS_LEFT	= $1E
   178 = 001F			CH_CURS_RIGHT	= $1F
   179 = 007F			CH_TAB	= $7F
   180 = 009B			CH_EOL	= $9B
   181 = 007D			CH_CLR	= $7D
   182 = 00FD			CH_BELL	= $FD
   183 = 007E			CH_DEL	= $7E
   184 = 009C			CH_DELLINE	= $9C
   185 = 009D			CH_INSLINE	= $9D
   186 = 0000			COLOR_BLACK	= $00
   187 = 000E			COLOR_WHITE	= $0E
   188 = 0032			COLOR_RED	= $32
   189 = 0096			COLOR_CYAN	= $96
   190 = 0068			COLOR_VIOLET	= $68
   191 = 00C4			COLOR_GREEN	= $C4
   192 = 0074			COLOR_BLUE	= $74
   193 = 00EE			COLOR_YELLOW	= $EE
   194 = 0028			COLOR_ORANGE	= $28
   195 = 00E4			COLOR_BROWN	= $E4
   196 = 003C			COLOR_LIGHTRED	= $3C
   197 = 0004			COLOR_GRAY1	= $04
   198 = 0006			COLOR_GRAY2	= $06
   199 = 000A			COLOR_GRAY3	= $0A
   200 = 00CC			COLOR_LIGHTGREEN	= $CC
   201 = 007C			COLOR_LIGHTBLUE	= $7C
   202 = 0004			FMOPENREAD	= $04
   203 = 0008			FMOPENWRITE	= $08
   204 = 0009			FMOPENAPPEND	= $09
   205 = 000C			FMOPENREADWRITE	= $0C
   206 = 239B			SCREENWIDTH	= DATAORIGIN+$0000
   207 = 239D			SCREENHEIGHT	= DATAORIGIN+$0002
   208 = 239F			DATESEPARATOR	= DATAORIGIN+$0004
   209 = D014			TVSYSTEM	= $D014
   210 = 02C0			adr.PALETTE	= $02C0
   211 2258			.var PALETTE	= adr.PALETTE .word
   212 = D012			adr.HPALETTE	= $D012
   213 2258			.var HPALETTE	= adr.HPALETTE .word
   214 = 23A0			FILEMODE	= DATAORIGIN+$0005
   215 = 23A1			GRAPHMODE	= DATAORIGIN+$0006
   216 = 23A2			IORESULT	= DATAORIGIN+$0007
   217 = 23A3			EOLN	= DATAORIGIN+$0008
   218 = 23A4			RNDSEED	= DATAORIGIN+$0009
   219
   220 = 2258 C0 02		PALETTE
   220 = 225A 12 D0		HPALETTE
   220 				.endl							; UNIT SYSTEM
   221
   222 				; ------------------------------------------------------------
   223
   224 225C			.local	ATARI						; UNIT
   225
   226 				; ------------------------------------------------------------
   227
   228 = 0012			RTCLOK	= $12
   229 = 004D			ATRACT	= $4D
   230 = 0052			LMARGIN	= $52
   231 = 0053			RMARGIN	= $53
   232 = 0054			ROWCRS	= $54
   233 = 0055			COLCRS	= $55
   234 = 0057			DINDEX	= $57
   235 = 0058			SAVMSC	= $58
   236 = 0062			PALNTS	= $62
   237 = 006A			RAMTOP	= $6A
   238 = 0200			VDSLST	= $0200
   239 = 0230			SDLSTL	= $0230
   240 = 0290			TXTROW	= $0290
   241 = 0291			TXTCOL	= $0291
   242 = 0293			TINDEX	= $0293
   243 = 0294			TXTMSC	= $0294
   244 = 022F			SDMCTL	= $022F
   245 = 026F			GPRIOR	= $026F
   246 = 02F0			CRSINH	= $02F0
   247 = 02F3			CHACT	= $02F3
   248 = 02F4			CHBAS	= $02F4
   249 = 02FC			CH	= $02FC
   250 = 02C0			PCOLR0	= $02C0
   251 = 02C1			PCOLR1	= $02C1
   252 = 02C2			PCOLR2	= $02C2
   253 = 02C3			PCOLR3	= $02C3
   254 = 02C4			COLOR0	= $02C4
   255 = 02C5			COLOR1	= $02C5
   256 = 02C6			COLOR2	= $02C6
   257 = 02C7			COLOR3	= $02C7
   258 = 02C8			COLOR4	= $02C8
   259 = 02C8			COLBAKS	= $02C8
   260 = D000			HPOSP0	= $D000
   261 = D001			HPOSP1	= $D001
   262 = D002			HPOSP2	= $D002
   263 = D003			HPOSP3	= $D003
   264 = D004			HPOSM0	= $D004
   265 = D005			HPOSM1	= $D005
   266 = D006			HPOSM2	= $D006
   267 = D007			HPOSM3	= $D007
   268 = D008			SIZEP0	= $D008
   269 = D009			SIZEP1	= $D009
   270 = D00A			SIZEP2	= $D00A
   271 = D00B			SIZEP3	= $D00B
   272 = D00C			SIZEM	= $D00C
   273 = D00D			GRAFP0	= $D00D
   274 = D00E			GRAFP1	= $D00E
   275 = D00F			GRAFP2	= $D00F
   276 = D010			GRAFP3	= $D010
   277 = D011			GRAFM	= $D011
   278 = D004			P0PF	= $D004
   279 = D014			PAL	= $D014
   280 = D012			COLPM0	= $D012
   281 = D013			COLPM1	= $D013
   282 = D014			COLPM2	= $D014
   283 = D015			COLPM3	= $D015
   284 = D016			COLPF0	= $D016
   285 = D017			COLPF1	= $D017
   286 = D018			COLPF2	= $D018
   287 = D019			COLPF3	= $D019
   288 = D01A			COLBK	= $D01A
   289 = D01B			PRIOR	= $D01B
   290 = D01D			GRACTL	= $D01D
   291 = D01E			HITCLR	= $D01E
   292 = D200			AUDF1	= $D200
   293 = D201			AUDC1	= $D201
   294 = D202			AUDF2	= $D202
   295 = D203			AUDC2	= $D203
   296 = D204			AUDF3	= $D204
   297 = D205			AUDC3	= $D205
   298 = D206			AUDF4	= $D206
   299 = D207			AUDC4	= $D207
   300 = D208			AUDCTL	= $D208
   301 = D20F			SKSTAT	= $D20F
   302 = D301			PORTB	= $D301
   303 = D400			DMACTL	= $D400
   304 = D401			CHACTL	= $D401
   305 = D402			DLISTL	= $D402
   306 = D404			HSCROL	= $D404
   307 = D405			VSCROL	= $D405
   308 = D407			PMBASE	= $D407
   309 = D409			CHBASE	= $D409
   310 = D40A			WSYNC	= $D40A
   311 = D40B			VCOUNT	= $D40B
   312 = D40C			PENH	= $D40C
   313 = D40D			PENV	= $D40D
   314 = D40E			NMIEN	= $D40E
   315
   316 				.endl							; UNIT ATARI
   317
   318 				; ------------------------------------------------------------
   319
   320 225C			.local	CRT						; UNIT
   321
   322 225C			.local	READKEY						; FUNCTION | ASSEMBLER
   323
   324 				; ---------------------  ASM Block 049  ---------------------
   325
   326 225C 8A 48			txa:pha
   327
   328 225E 20 A5 20			@GetKey
   329
   330 2261 8D A7 23			sta Result
   331
   332 2264 68 AA			pla:tax
   333
   334 2266			@exit
   335
   336 				; ------------------------------------------------------------
   337
   338 				; Push BYTE / CHAR / SHORTINT / BOOLEAN
   339 				; as Pointer
   340
   341 2266 E8				inx
   342 2267 AD A7 23 95 98		mva RESULT :STACKORIGIN,x
   343
   344 					.ifdef @new
   345 					lda <@VarData
   346 					sta :ztmp
   347 					lda >@VarData
   348 					ldy #@VarDataSize-1
   349 					jmp @FreeMem
   350 					eif
   351
   352 				; ------------------------------------------------------------
   353
   354 = 23A7			RESULT	= DATAORIGIN+$000C
   355
   356 = 23A7			@VarData	= RESULT
   357 = 0001			@VarDataSize	= 1
   358
   359 226C 60				rts						; ret
   360 				.endl
   361
   362 				; ------------------------------------------------------------
   363
   364 = 23A6			TEXTATTR	= DATAORIGIN+$000B
   365 = D01F			CONSOL	= $D01F
   366 = 0000			CN_START_SELECT_OPTION	= $00
   367 = 0001			CN_SELECT_OPTION	= $01
   368 = 0002			CN_START_OPTION	= $02
   369 = 0003			CN_OPTION	= $03
   370 = 0004			CN_START_SELECT	= $04
   371 = 0005			CN_SELECT	= $05
   372 = 0006			CN_START	= $06
   373 = 0007			CN_NONE	= $07
   374 = 0000			BW40	= $00
   375 = 0001			CO40	= $01
   376 = 0002			BW80	= $02
   377 = 0003			CO80	= $03
   378 = 0007			MONO	= $07
   379 = 0001			C40	= $01
   380 = 0003			C80	= $03
   381 = 0000			BLACK	= $00
   382 = 0001			BLUE	= $01
   383 = 0002			GREEN	= $02
   384 = 0003			CYAN	= $03
   385 = 0004			RED	= $04
   386 = 0005			MAGENTA	= $05
   387 = 0006			BROWN	= $06
   388 = 0007			LIGHTGRAY	= $07
   389 = 0008			DARKGRAY	= $08
   390 = 0009			LIGHTBLUE	= $09
   391 = 000A			LIGHTGREEN	= $0A
   392 = 000B			LIGHTCYAN	= $0B
   393 = 000C			LIGHTRED	= $0C
   394 = 000D			LIGHTMAGENTA	= $0D
   395 = 000E			YELLOW	= $0E
   396 = 000F			WHITE	= $0F
   397 = 0080			BLINK	= $80
   398
   399 				.endl							; UNIT CRT
   400
   401 				; ------------------------------------------------------------
   402
   403 226D			.local	DOS						; UNIT
   404
   405 				; ------------------------------------------------------------
   406
   407 = D014			PALNTSC	= $D014
   408
   409 				.endl							; UNIT DOS
   410
   411 				; ------------------------------------------------------------
   412
   413 226D			.local	STRUTILS					; UNIT
   414
   415 				; ------------------------------------------------------------
   416
   417 				.endl							; UNIT STRUTILS
   418
   419 				; ------------------------------------------------------------
   420
   421 226D			.local	SYSUTILS					; UNIT
   422
   423 				; ------------------------------------------------------------
   424
   425 = 0001			FAREADONLY	= $01
   426 = 0002			FAHIDDEN	= $02
   427 = 0004			FASYSFILE	= $04
   428 = 0008			FAVOLUMEID	= $08
   429 = 0010			FADIRECTORY	= $10
   430 = 0020			FAARCHIVE	= $20
   431 = 003F			FAANYFILE	= $3F
   432
   433 				.endl							; UNIT SYSUTILS
   434
   435 				; ------------------------------------------------------------
   436
   437 226D			.local	CIO						; UNIT
   438
   439 226D			.local	GET						; FUNCTION | ASSEMBLER
   440
   441 				; ------------------------------------------------------------
   442
   443 				; Generate Assignment for BYTE / CHAR / SHORTINT / BOOLEAN
   444 				; as Pointer
   445 226D B5 98 8D A8 23		mva :STACKORIGIN,x CHN
   446 2272 CA				dex
   447
   448 				; ---------------------  ASM Block 080  ---------------------
   449
   450 2273 8A 48			txa:pha
   451
   452 2275 AD A8 23			lda chn
   453 2278 0A 0A 0A 0A			:4 asl @
   454 227C AA				tax
   455
   456 227D A9 07			lda #7		;get char command
   457 227F 9D 42 03			sta iccmd,x
   458
   459 2282 A9 00			lda #$00	;zero out the unused
   460 2284 9D 48 03			sta icbufl,x	;store in accumulator
   461 2287 9D 49 03			sta icbufh,x	;...after CIOV jump
   462
   463 228A				m@call	ciov
Macro: M@CALL [Source: rtl6502.asm]
    12 228A 20 56 E4				jsr CIOV
Source: pointer.a65
   464
   465 228D 8C A2 23			sty MAIN.SYSTEM.IOResult
   466
   467 2290 8D A9 23			sta Result
   468
   469 2293 68 AA			pla:tax
   470
   471 2295			@exit
   472
   473 				; ------------------------------------------------------------
   474
   475 				; Push BYTE / CHAR / SHORTINT / BOOLEAN
   476 				; as Pointer
   477
   478 2295 E8				inx
   479 2296 AD A9 23 95 98		mva RESULT :STACKORIGIN,x
   480
   481 					.ifdef @new
   482 					lda <@VarData
   483 					sta :ztmp
   484 					lda >@VarData
   485 					ldy #@VarDataSize-1
   486 					jmp @FreeMem
   487 					eif
   488
   489 				; ------------------------------------------------------------
   490
   491 = 23A8			CHN	= DATAORIGIN+$000D
   492 = 23A9			RESULT	= DATAORIGIN+$000E
   493
   494 = 23A8			@VarData	= CHN
   495 = 0002			@VarDataSize	= 2
   496
   497 229B 60				rts						; ret
   498 				.endl
   499
   500 				; ------------------------------------------------------------
   501
   502 				.endl							; UNIT CIO
   503
   504 229C			.local	MAINPROC					; PROCEDURE
   505
   506 				; optimize FAIL (100, examples\pointer.pas), line = 19
   507 					@print #$7D
   507 				 LDY# $7D\ JSR @PRINT
   507 229C A0 7D		 LDY# $7D
   507 229E 20 2F 21		 JSR @PRINT
   508
   509 				; optimize FAIL (100, examples\pointer.pas), line = 20
   510 					@printSTRING #CODEORIGIN+$000D
   510 				 LDY> CODEORIGIN+$000D\ LDA< CODEORIGIN+$000D\ JSR @PRINTSTRING
   510 22A1 A0 20		 LDY> CODEORIGIN+$000D
   510 22A3 A9 0D		 LDA< CODEORIGIN+$000D
   510 22A5 20 38 21		 JSR @PRINTSTRING
   511 22A8 20 2A 21			@printEOL
   512
   513 				; optimize FAIL (100, examples\pointer.pas), line = 21
   514 					@printSTRING #CODEORIGIN+$0020
   514 				 LDY> CODEORIGIN+$0020\ LDA< CODEORIGIN+$0020\ JSR @PRINTSTRING
   514 22AB A0 20		 LDY> CODEORIGIN+$0020
   514 22AD A9 20		 LDA< CODEORIGIN+$0020
   514 22AF 20 38 21		 JSR @PRINTSTRING
   515 22B2 20 2A 21			@printEOL
   516
   517 				; optimize FAIL (100, examples\pointer.pas), line = 22
   518 					@printSTRING #CODEORIGIN+$0041
   518 				 LDY> CODEORIGIN+$0041\ LDA< CODEORIGIN+$0041\ JSR @PRINTSTRING
   518 22B5 A0 20		 LDY> CODEORIGIN+$0041
   518 22B7 A9 41		 LDA< CODEORIGIN+$0041
   518 22B9 20 38 21		 JSR @PRINTSTRING
   519 22BC 20 2A 21			@printEOL
   520
   521 				; optimize OK (examples\pointer.pas), line = 23
   522
   523 22BF A9 46 8D AD 24		mva #$46 I
   524 22C4 A9 00 8D AE 24		mva #$00 I+1
   525 22C9 8D AF 24			sta I+2
   526 22CC 8D B0 24			sta I+3
   527
   528 				; optimize FAIL (100, examples\pointer.pas), line = 24
   529 					@printSTRING #CODEORIGIN+$0043
   529 				 LDY> CODEORIGIN+$0043\ LDA< CODEORIGIN+$0043\ JSR @PRINTSTRING
   529 22CF A0 20		 LDY> CODEORIGIN+$0043
   529 22D1 A9 43		 LDA< CODEORIGIN+$0043
   529 22D3 20 38 21		 JSR @PRINTSTRING
   530 22D6 20 2A 21			@printEOL
   531
   532 				; optimize FAIL (100, examples\pointer.pas), line = 25
   533 22D9 E8				inx
   534 22DA AD AD 24 95 98		mva I :STACKORIGIN,x
   535 22DF AD AE 24 95 A8		mva I+1 :STACKORIGIN+STACKWIDTH,x
   536 22E4 AD AF 24 95 B8		mva I+2 :STACKORIGIN+STACKWIDTH*2,x
   537 22E9 AD B0 24 95 C8		mva I+3 :STACKORIGIN+STACKWIDTH*3,x
   538 22EE 20 67 21			jsr @printINT
   539 22F1 CA				dex
   540 22F2 20 2A 21			@printEOL
   541
   542 				; optimize OK (examples\pointer.pas), line = 26
   543
   544 22F5 A9 AD 8D AB 24		mva <I PTR
   545 22FA A9 24 8D AC 24		mva >I PTR+1
   546
   547 				; optimize FAIL (100, examples\pointer.pas), line = 27
   548 					@printSTRING #CODEORIGIN+$0062
   548 				 LDY> CODEORIGIN+$0062\ LDA< CODEORIGIN+$0062\ JSR @PRINTSTRING
   548 22FF A0 20		 LDY> CODEORIGIN+$0062
   548 2301 A9 62		 LDA< CODEORIGIN+$0062
   548 2303 20 38 21		 JSR @PRINTSTRING
   549 2306 20 2A 21			@printEOL
   550
   551 				; optimize FAIL (100, examples\pointer.pas), line = 28
   552 2309 AD AB 24			lda PTR
   553 230C AC AC 24			ldy PTR+1
   554 230F 20 75 21			jsr @printWORD._ay
   555 2312 20 2A 21			@printEOL
   556
   557 				; optimize FAIL (100, examples\pointer.pas), line = 29
   558 					@printSTRING #CODEORIGIN+$0082
   558 				 LDY> CODEORIGIN+$0082\ LDA< CODEORIGIN+$0082\ JSR @PRINTSTRING
   558 2315 A0 20		 LDY> CODEORIGIN+$0082
   558 2317 A9 82		 LDA< CODEORIGIN+$0082
   558 2319 20 38 21		 JSR @PRINTSTRING
   559 231C 20 2A 21			@printEOL
   560
   561 				; optimize OK (examples\pointer.pas), line = 30
   562
   563 231F AC AB 24 84 92 AC + 	mwy PTR :bp2
   564 2329 A0 00			ldy #$00
   565 232B A9 FB			lda #$FB
   566 232D 91 92			sta (:bp2),y
   567 232F C8				iny
   568 2330 A9 00			lda #$00
   569 2332 91 92			sta (:bp2),y
   570
   571 				; optimize FAIL (100, examples\pointer.pas), line = 31
   572 2334 E8				inx
   573 2335 AC AB 24 84 92 AC + 	mwy PTR :bp2
   574 233F A0 00			ldy #$00
   575 2341 B1 92 95 98			mva (:bp2),y :STACKORIGIN,x
   576 2345 C8				iny
   577 2346 B1 92 95 A8			mva (:bp2),y :STACKORIGIN+STACKWIDTH,x
   578 234A 20 71 21			jsr @printWORD
   579 234D CA				dex
   580
   581 				; optimize FAIL (100, examples\pointer.pas), line = 32
   582 					@print #$3D
   582 				 LDY# $3D\ JSR @PRINT
   582 234E A0 3D		 LDY# $3D
   582 2350 20 2F 21		 JSR @PRINT
   583
   584 				; optimize FAIL (100, examples\pointer.pas), line = 33
   585 2353 E8				inx
   586 2354 AD AD 24 95 98		mva I :STACKORIGIN,x
   587 2359 AD AE 24 95 A8		mva I+1 :STACKORIGIN+STACKWIDTH,x
   588 235E AD AF 24 95 B8		mva I+2 :STACKORIGIN+STACKWIDTH*2,x
   589 2363 AD B0 24 95 C8		mva I+3 :STACKORIGIN+STACKWIDTH*3,x
   590 2368 20 67 21			jsr @printINT
   591 236B CA				dex
   592 236C 20 2A 21			@printEOL
   593
   594 				; optimize FAIL ('CIO.GET', examples\pointer.pas), line = 34
   595 236F E8				inx
   596 2370 A9 07 95 98			mva #$07 :STACKORIGIN,x
   597 2374 20 6D 22			jsr CIO.GET
   598 2377 B5 98 8D AA 24		mva :STACKORIGIN,x KEY
   599 237C CA				dex
   600
   601 237D 20 5C 22			jsr CRT.READKEY					; call Entry
   602
   603 2380 CA				dex
   604 2381			@exit
   605 					.ifdef @new
   606 					lda <@VarData
   607 					sta :ztmp
   608 					lda >@VarData
   609 					ldy #@VarDataSize-1
   610 					jmp @FreeMem
   611 					eif
   612 2381 60				rts						; ret
   613 				.endl
   614 2382			l_00AC
   615
   616 				; optimize FAIL ('MAINPROC', examples\pointer.pas), line = 39
   617 2382 20 9C 22			jsr MAINPROC
   618
   619 				; ------------------------------------------------------------
   620
   621 = 23AA			adr.STRBUFFER	= DATAORIGIN+$000F
   622 2385			.var STRBUFFER	= adr.STRBUFFER .word
   623 = 24AA			KEY	= DATAORIGIN+$010F
   624 = 24AB			PTR	= DATAORIGIN+$0110
   625 = 24AD			I	= DATAORIGIN+$0112
   626 2385			@exit
   627
   628 2385 A2 00		@halt	ldx #0
   629 2387 9A				txs
   630 					.ifdef MAIN.@DEFINES.ROMOFF
   631 					inc portb
   632 					.endif
   633
   634 2388 60				rts
   635
   636 				; ------------------------------------------------------------
   637
   638 2389 00 00 00 00 00 00 + IOCB@COPY	:16 brk
   639
   640 				; ------------------------------------------------------------
   641
   642 2399			.local	@DEFINES
   643 2399			ATARI
   644 				.endl
   645
   646 = 2399 AA 23		STRBUFFER
   646 				.endl							; MAIN
   647
   648 				; ------------------------------------------------------------
   649 				; ------------------------------------------------------------
   650
   651 				.macro	UNITINITIALIZATION
   652 				
   653 					.ifdef MAIN.SYSTEM.@UnitInit
   654 					jsr MAIN.SYSTEM.@UnitInit
   655 					eif
   656 				
   657 					.ifdef MAIN.ATARI.@UnitInit
   658 					jsr MAIN.ATARI.@UnitInit
   659 					eif
   660 				
   661 					.ifdef MAIN.CRT.@UnitInit
   662 					jsr MAIN.CRT.@UnitInit
   663 					eif
   664 				
   665 					.ifdef MAIN.DOS.@UnitInit
   666 					jsr MAIN.DOS.@UnitInit
   667 					eif
   668 				
   669 					.ifdef MAIN.STRUTILS.@UnitInit
   670 					jsr MAIN.STRUTILS.@UnitInit
   671 					eif
   672 				
   673 					.ifdef MAIN.SYSUTILS.@UnitInit
   674 					jsr MAIN.SYSUTILS.@UnitInit
   675 					eif
   676 				
   677 					.ifdef MAIN.CIO.@UnitInit
   678 					jsr MAIN.CIO.@UnitInit
   679 					eif
   680 				.endm
   681
   682 				; ------------------------------------------------------------
   683
   684 					ift .SIZEOF(MAIN.SYSTEM) > 0
   685 					.print 'SYSTEM: ',MAIN.SYSTEM,'..',MAIN.SYSTEM+.SIZEOF(MAIN.SYSTEM)-1
   685 				SYSTEM: $2258..$225B
   686 					eif
   687
   688 					ift .SIZEOF(MAIN.ATARI) > 0
   689 					.print 'ATARI: ',MAIN.ATARI,'..',MAIN.ATARI+.SIZEOF(MAIN.ATARI)-1
   690 					eif
   691
   692 					ift .SIZEOF(MAIN.CRT) > 0
   693 					.print 'CRT: ',MAIN.CRT,'..',MAIN.CRT+.SIZEOF(MAIN.CRT)-1
   693 				CRT: $225C..$226C
   694 					eif
   695
   696 					ift .SIZEOF(MAIN.DOS) > 0
   697 					.print 'DOS: ',MAIN.DOS,'..',MAIN.DOS+.SIZEOF(MAIN.DOS)-1
   698 					eif
   699
   700 					ift .SIZEOF(MAIN.STRUTILS) > 0
   701 					.print 'STRUTILS: ',MAIN.STRUTILS,'..',MAIN.STRUTILS+.SIZEOF(MAIN.STRUTILS)-1
   702 					eif
   703
   704 					ift .SIZEOF(MAIN.SYSUTILS) > 0
   705 					.print 'SYSUTILS: ',MAIN.SYSUTILS,'..',MAIN.SYSUTILS+.SIZEOF(MAIN.SYSUTILS)-1
   706 					eif
   707
   708 					ift .SIZEOF(MAIN.CIO) > 0
   709 					.print 'CIO: ',MAIN.CIO,'..',MAIN.CIO+.SIZEOF(MAIN.CIO)-1
   709 				CIO: $226D..$229B
   710 					eif
   711
   712 					.print 'CODE: ',CODEORIGIN,'..',*-1
   712 				CODE: $2000..$239A
   713
   714 				; ------------------------------------------------------------
   715
   716 239B			DATAORIGIN
   717 239B 28 00 18 00 2D 0C	.by  $28 $00 $18 $00 $2D $0C
   718
   719 = 0006			VARINITSIZE	= *-DATAORIGIN
   720 = 0116			VARDATASIZE	= 278
   721
   722 = 24B1			PROGRAMSTACK	= DATAORIGIN+VARDATASIZE
   723
   724 					.print 'DATA: ',DATAORIGIN,'..',PROGRAMSTACK
   724 				DATA: $239B..$24B1
   725
   726 02E0-02E1> 1B 22			run START
   727
   728 				; ------------------------------------------------------------
   729
   730 				.macro	STATICDATA
   731 				.by  $04 $54 $52 $55 $45 $00 $05 $46  $41 $4C $53 $45 $00 $11 $45 $66  $66 $65 $63 $74 $75 $73 $20 $65
   732 				.by  $78 $61 $6D $70 $6C $65 $3A $00  $1F $50 $4F $49 $4E $54 $3D $45  $52 $20 $76 $61 $72 $69 $61 $62
   733 				.by  $6C $65 $20 $64 $65 $6D $6F $6E  $73 $74 $72 $61 $74 $69 $6F $6E  $00 $00 $00 $1D $43 $75 $72 $72
   734 				.by  $65 $6E $74 $20 $76 $61 $6C $75  $65 $20 $6F $66 $20 $76 $61 $72  $69 $61 $62 $6C $65 $20 $69 $3A
   735 				.by  $20 $00 $1E $4D $65 $6D $6F $72  $79 $20 $61 $64 $64 $72 $65 $73  $73 $20 $6F $66 $20 $76 $61 $72
   736 				.by  $69 $61 $62 $6C $65 $20 $69 $3A  $20 $00 $21 $4E $65 $77 $20 $76  $61 $6C $75 $65 $20 $6F $66 $20
   737 				.by  $76 $61 $72 $69 $61 $62 $6C $65  $20 $70 $74 $72 $20 $61 $6E $64  $20 $69 $3A $20 $00
   738 				.endm
   739
   740 					end
