mads 2.1.0 build 8 (23 Dec 19)
   388 					opt l+
   101
   102 				.print 'ZPAGE: ',fxptr,'..',zpend-1
   102 				ZPAGE: $0080..$00D7
   103
   104 				.print 'RTLIB: ',RTLIB,'..',*-1
   104 				RTLIB: $2000..$1FFF
   105
   106 				; ------------------------------------------------------------
   107
   108 2000			START
   109 2000 BA				tsx
   110 2001 8E 55 20			stx MAIN.@halt+1
   111
   112 					.ifdef fmulinit
   113 					fmulinit
   114 					eif
   115
   116 = 0016			VLEN	= VARDATASIZE-VARINITSIZE
   117 = 207B			VADR	= DATAORIGIN+VARINITSIZE
   118
   119 					ift VADR > $BFFF
   120 					ert 'Invalid memory address range ',VADR
   121 					eli (VLEN>0) && (VLEN<=256)
   122 2004 A2 EA			ldx #256-VLEN
   123 2006 A9 00			lda #0
   124 2008 9D 91 1F E8 D0 FA		sta:rne VADR+VLEN-256,x+
   125 					eli VLEN>0
   126 					@fill #VADR #VLEN #0
   127 					eif
   128
   129 					.ifdef MAIN.@DEFINES.ROMOFF
   130 					icl 'atari\romoff.asm'
   131 					.endif
   132
   133 200E A9 91 85 82 A9 20 + 	mwa #PROGRAMSTACK psptr
   134
   135 2016 A2 0F			ldx #$0f					; DOS II+/D ParamStr
   136 2018 BD 40 03 9D 58 20 + 	mva:rpl $340,x MAIN.IOCB@COPY,x-
   137
   138 2021 E8				inx						; X = 0
   139 2022 86 90			stx bp						; BP = 0
   140
   141 2024 8E 08 D2			stx audctl					; reset POKEY
   142 2027 A9 03			lda #3
   143 2029 8D 0F D2			sta skctl
   144
   145 202C CA				dex						; X = 255
   146
   147 202D				UNITINITIALIZATION
Macro: UNITINITIALIZATION [Source: rainbow.a65]
   148
   149 202D			.local	MAIN						; PROCEDURE
   150
   151 202D 4C 51 20			jmp l_0007
   152
   153 				; ------------------------------------------------------------
   154
   155 2030			.local	SYSTEM						; UNIT
   156
   157 				; ------------------------------------------------------------
   158
   159 = 0101			__PORTB_BANKS	= $0101
   160 = 0648			M_PI_2	= $0648
   161 = 0192			D_PI_2	= $0192
   162 = 0004			D_PI_180	= $04
   163 = 0000			MGTIA	= $00
   164 = 0080			MVBXE	= $80
   165 = 0000			VBXE_XDLADR	= $00
   166 = 0100			VBXE_BCBADR	= $0100
   167 = 1000			VBXE_MAPADR	= $1000
   168 = 5000			VBXE_OVRADR	= $5000
   169 = B000			VBXE_WINDOW	= $B000
   170 = 0000			IDLI	= $00
   171 = 0001			IVBL	= $01
   172 = 00FE			CH_DELCHR	= $FE
   173 = 009B			CH_ENTER	= $9B
   174 = 001B			CH_ESC	= $1B
   175 = 001C			CH_CURS_UP	= $1C
   176 = 001D			CH_CURS_DOWN	= $1D
   177 = 001E			CH_CURS_LEFT	= $1E
   178 = 001F			CH_CURS_RIGHT	= $1F
   179 = 007F			CH_TAB	= $7F
   180 = 009B			CH_EOL	= $9B
   181 = 007D			CH_CLR	= $7D
   182 = 00FD			CH_BELL	= $FD
   183 = 007E			CH_DEL	= $7E
   184 = 009C			CH_DELLINE	= $9C
   185 = 009D			CH_INSLINE	= $9D
   186 = 0000			COLOR_BLACK	= $00
   187 = 000E			COLOR_WHITE	= $0E
   188 = 0032			COLOR_RED	= $32
   189 = 0096			COLOR_CYAN	= $96
   190 = 0068			COLOR_VIOLET	= $68
   191 = 00C4			COLOR_GREEN	= $C4
   192 = 0074			COLOR_BLUE	= $74
   193 = 00EE			COLOR_YELLOW	= $EE
   194 = 0028			COLOR_ORANGE	= $28
   195 = 00E4			COLOR_BROWN	= $E4
   196 = 003C			COLOR_LIGHTRED	= $3C
   197 = 0004			COLOR_GRAY1	= $04
   198 = 0006			COLOR_GRAY2	= $06
   199 = 000A			COLOR_GRAY3	= $0A
   200 = 00CC			COLOR_LIGHTGREEN	= $CC
   201 = 007C			COLOR_LIGHTBLUE	= $7C
   202 = 0004			FMOPENREAD	= $04
   203 = 0008			FMOPENWRITE	= $08
   204 = 0009			FMOPENAPPEND	= $09
   205 = 000C			FMOPENREADWRITE	= $0C
   206 = 2068			SCREENWIDTH	= DATAORIGIN+$0000
   207 = 206A			SCREENHEIGHT	= DATAORIGIN+$0002
   208 = 206C			DATESEPARATOR	= DATAORIGIN+$0004
   209 = D014			TVSYSTEM	= $D014
   210 = 02C0			adr.PALETTE	= $02C0
   211 2030			.var PALETTE	= adr.PALETTE .word
   212 = D012			adr.HPALETTE	= $D012
   213 2030			.var HPALETTE	= adr.HPALETTE .word
   214 = 206D			FILEMODE	= DATAORIGIN+$0005
   215 = 206E			GRAPHMODE	= DATAORIGIN+$0006
   216 = 206F			IORESULT	= DATAORIGIN+$0007
   217 = 2070			EOLN	= DATAORIGIN+$0008
   218 = 2071			RNDSEED	= DATAORIGIN+$0009
   219
   220 = 2030 C0 02		PALETTE
   220 = 2032 12 D0		HPALETTE
   220 				.endl							; UNIT SYSTEM
   221
   222 				; ------------------------------------------------------------
   223
   224 2034			.local	ATARI						; UNIT
   225
   226 				; ------------------------------------------------------------
   227
   228 = 0012			RTCLOK	= $12
   229 = 004D			ATRACT	= $4D
   230 = 0052			LMARGIN	= $52
   231 = 0053			RMARGIN	= $53
   232 = 0054			ROWCRS	= $54
   233 = 0055			COLCRS	= $55
   234 = 0057			DINDEX	= $57
   235 = 0058			SAVMSC	= $58
   236 = 0062			PALNTS	= $62
   237 = 006A			RAMTOP	= $6A
   238 = 0200			VDSLST	= $0200
   239 = 0230			SDLSTL	= $0230
   240 = 0290			TXTROW	= $0290
   241 = 0291			TXTCOL	= $0291
   242 = 0293			TINDEX	= $0293
   243 = 0294			TXTMSC	= $0294
   244 = 022F			SDMCTL	= $022F
   245 = 026F			GPRIOR	= $026F
   246 = 02F0			CRSINH	= $02F0
   247 = 02F3			CHACT	= $02F3
   248 = 02F4			CHBAS	= $02F4
   249 = 02FC			CH	= $02FC
   250 = 02C0			PCOLR0	= $02C0
   251 = 02C1			PCOLR1	= $02C1
   252 = 02C2			PCOLR2	= $02C2
   253 = 02C3			PCOLR3	= $02C3
   254 = 02C4			COLOR0	= $02C4
   255 = 02C5			COLOR1	= $02C5
   256 = 02C6			COLOR2	= $02C6
   257 = 02C7			COLOR3	= $02C7
   258 = 02C8			COLOR4	= $02C8
   259 = 02C8			COLBAKS	= $02C8
   260 = D000			HPOSP0	= $D000
   261 = D001			HPOSP1	= $D001
   262 = D002			HPOSP2	= $D002
   263 = D003			HPOSP3	= $D003
   264 = D004			HPOSM0	= $D004
   265 = D005			HPOSM1	= $D005
   266 = D006			HPOSM2	= $D006
   267 = D007			HPOSM3	= $D007
   268 = D008			SIZEP0	= $D008
   269 = D009			SIZEP1	= $D009
   270 = D00A			SIZEP2	= $D00A
   271 = D00B			SIZEP3	= $D00B
   272 = D00C			SIZEM	= $D00C
   273 = D00D			GRAFP0	= $D00D
   274 = D00E			GRAFP1	= $D00E
   275 = D00F			GRAFP2	= $D00F
   276 = D010			GRAFP3	= $D010
   277 = D011			GRAFM	= $D011
   278 = D004			P0PF	= $D004
   279 = D014			PAL	= $D014
   280 = D012			COLPM0	= $D012
   281 = D013			COLPM1	= $D013
   282 = D014			COLPM2	= $D014
   283 = D015			COLPM3	= $D015
   284 = D016			COLPF0	= $D016
   285 = D017			COLPF1	= $D017
   286 = D018			COLPF2	= $D018
   287 = D019			COLPF3	= $D019
   288 = D01A			COLBK	= $D01A
   289 = D01B			PRIOR	= $D01B
   290 = D01D			GRACTL	= $D01D
   291 = D01E			HITCLR	= $D01E
   292 = D200			AUDF1	= $D200
   293 = D201			AUDC1	= $D201
   294 = D202			AUDF2	= $D202
   295 = D203			AUDC2	= $D203
   296 = D204			AUDF3	= $D204
   297 = D205			AUDC3	= $D205
   298 = D206			AUDF4	= $D206
   299 = D207			AUDC4	= $D207
   300 = D208			AUDCTL	= $D208
   301 = D20F			SKSTAT	= $D20F
   302 = D301			PORTB	= $D301
   303 = D400			DMACTL	= $D400
   304 = D401			CHACTL	= $D401
   305 = D402			DLISTL	= $D402
   306 = D404			HSCROL	= $D404
   307 = D405			VSCROL	= $D405
   308 = D407			PMBASE	= $D407
   309 = D409			CHBASE	= $D409
   310 = D40A			WSYNC	= $D40A
   311 = D40B			VCOUNT	= $D40B
   312 = D40C			PENH	= $D40C
   313 = D40D			PENV	= $D40D
   314 = D40E			NMIEN	= $D40E
   315
   316 				.endl							; UNIT ATARI
   317
   318 				; ------------------------------------------------------------
   319
   320 2034			.local	CRT						; UNIT
   321
   322 				; ------------------------------------------------------------
   323
   324 = 2073			TEXTATTR	= DATAORIGIN+$000B
   325 = D01F			CONSOL	= $D01F
   326 = 0000			CN_START_SELECT_OPTION	= $00
   327 = 0001			CN_SELECT_OPTION	= $01
   328 = 0002			CN_START_OPTION	= $02
   329 = 0003			CN_OPTION	= $03
   330 = 0004			CN_START_SELECT	= $04
   331 = 0005			CN_SELECT	= $05
   332 = 0006			CN_START	= $06
   333 = 0007			CN_NONE	= $07
   334 = 0000			BW40	= $00
   335 = 0001			CO40	= $01
   336 = 0002			BW80	= $02
   337 = 0003			CO80	= $03
   338 = 0007			MONO	= $07
   339 = 0001			C40	= $01
   340 = 0003			C80	= $03
   341 = 0000			BLACK	= $00
   342 = 0001			BLUE	= $01
   343 = 0002			GREEN	= $02
   344 = 0003			CYAN	= $03
   345 = 0004			RED	= $04
   346 = 0005			MAGENTA	= $05
   347 = 0006			BROWN	= $06
   348 = 0007			LIGHTGRAY	= $07
   349 = 0008			DARKGRAY	= $08
   350 = 0009			LIGHTBLUE	= $09
   351 = 000A			LIGHTGREEN	= $0A
   352 = 000B			LIGHTCYAN	= $0B
   353 = 000C			LIGHTRED	= $0C
   354 = 000D			LIGHTMAGENTA	= $0D
   355 = 000E			YELLOW	= $0E
   356 = 000F			WHITE	= $0F
   357 = 0080			BLINK	= $80
   358
   359 				.endl							; UNIT CRT
   360
   361 				; ------------------------------------------------------------
   362
   363 2034			.local	TYPES						; UNIT
   364
   365 				; ------------------------------------------------------------
   366
   367 				.endl							; UNIT TYPES
   368
   369 				; ------------------------------------------------------------
   370
   371 2034			.local	GRAPH						; UNIT
   372
   373 				; ------------------------------------------------------------
   374
   375 = 0080			CURRENTDRIVER	= $80
   376 = 0000			DETECT	= $00
   377 = 0001			CGA	= $01
   378 = 0002			MCGA	= $02
   379 = 0003			EGA	= $03
   380 = 0004			EGA64	= $04
   381 = 0005			EGAMONO	= $05
   382 = 0006			LOWRES	= $06
   383 = 0007			HERCMONO	= $07
   384 = 0009			VGA	= $09
   385 = 000A			VESA	= $0A
   386 = 000B			D1BIT	= $0B
   387 = 000C			D2BIT	= $0C
   388 = 000D			D4BIT	= $0D
   389 = 000E			D6BIT	= $0E
   390 = 000F			D8BIT	= $0F
   391 = 0010			D12BIT	= $10
   392 = 0018			M640X400	= $18
   393 = 0018			M640X480	= $18
   394 = 0001			GROK	= $01
   395 = 00FF			GRNOINITGRAPH	= $FF
   396 = 00FE			GRNOTDETECTED	= $FE
   397 = 00FD			GRFILENOTFOUND	= $FD
   398 = 00FC			GRINVALIDDRIVER	= $FC
   399 = 00FB			GRNOLOADMEM	= $FB
   400 = 00FA			GRNOSCANMEM	= $FA
   401 = 00F9			GRNOFLOODMEM	= $F9
   402 = 00F8			GRFONTNOTFOUND	= $F8
   403 = 00F7			GRNOFONTMEM	= $F7
   404 = 00F6			GRINVALIDMODE	= $F6
   405 = 00F5			GRERROR	= $F5
   406 = 00F4			GRIOERROR	= $F4
   407 = 00F3			GRINVALIDFONT	= $F3
   408 = 00F2			GRINVALIDFONTNUM	= $F2
   409 = 00EE			GRINVALIDVERSION	= $EE
   410 = 0000			CGAC0	= $00
   411 = 0001			CGAC1	= $01
   412 = 0002			CGAC2	= $02
   413 = 0003			CGAC3	= $03
   414 = 0004			CGAHI	= $04
   415 = 0000			MCGAC0	= $00
   416 = 0001			MCGAC1	= $01
   417 = 0002			MCGAC2	= $02
   418 = 0003			MCGAC3	= $03
   419 = 0004			MCGAMED	= $04
   420 = 0005			MCGAHI	= $05
   421 = 0000			EGALO	= $00
   422 = 0001			EGAHI	= $01
   423 = 0000			EGA64LO	= $00
   424 = 0001			EGA64HI	= $01
   425 = 0003			EGAMONOHI	= $03
   426 = 000A			VGALO	= $0A
   427 = 001F			VGAMED	= $1F
   428 = 0018			VGAHI	= $18
   429 = 2074			WIN_LEFT	= DATAORIGIN+$000C
   430 = 2076			WIN_RIGHT	= DATAORIGIN+$000E
   431 = 2078			WIN_TOP	= DATAORIGIN+$0010
   432 = 207A			WIN_BOTTOM	= DATAORIGIN+$0012
   433 = 207C			GRAPHRESULT	= DATAORIGIN+$0014
   434 = 207D			GETCOLOR	= DATAORIGIN+$0015
   435 = 207E			adr.LASTARCCOORDS	= DATAORIGIN+$0016
   436 2034			.var LASTARCCOORDS	= adr.LASTARCCOORDS .word
   437 = 207E			LASTARCCOORDS.X	= DATAORIGIN+$0016
   438 = 2080			LASTARCCOORDS.Y	= DATAORIGIN+$0018
   439 = 2082			LASTARCCOORDS.XSTART	= DATAORIGIN+$001A
   440 = 2084			LASTARCCOORDS.YSTART	= DATAORIGIN+$001C
   441 = 2086			LASTARCCOORDS.XEND	= DATAORIGIN+$001E
   442 = 2088			LASTARCCOORDS.YEND	= DATAORIGIN+$0020
   443 = 208A			CURRENTX	= DATAORIGIN+$0022
   444 = 208C			CURRENTY	= DATAORIGIN+$0024
   445 = 208E			VIDEORAM	= DATAORIGIN+$0026
   446 = 2090			SCANLINE_WIDTH	= DATAORIGIN+$0028
   447
   448 = 2034 7E 20		LASTARCCOORDS
   448 				.endl							; UNIT GRAPH
   449
   450 2036			.local	RAINBOWPROC					; PROCEDURE
   451
   452 				; optimize OK (examples\rainbow.pas), line = 29
   453
   454 2036 A9 FF 8D FC 02		mva #$FF CH
   455
   456 				; --- RepeatUntilProlog
   457 203B			l_00B8
   458
   459 				; optimize OK (examples\rainbow.pas), line = 31
   460
   461 203B A5 07 8D 0A D4		mva U WSYNC
   462
   463 				; optimize OK (examples\rainbow.pas), line = 32
   464
   465 2040 AD 0B D4			lda VCOUNT
   466 2043 18 65 14			add RTCLOK
   467 2046 8D 18 D0			sta GETCOLOR
   468
   469 				; optimize OK (examples\rainbow.pas), line = 33
   470
   471 2049 AD FC 02			lda CH
   472 204C C9 FF			cmp #$FF
   473 204E F0 EB			jeq l_00B8
   474
   475 				; ------------------------------------------------------------
   476
   477 = D40B			VCOUNT	= $D40B
   478 = D40A			WSYNC	= $D40A
   479 = 0014			RTCLOK	= $14
   480 = D018			GETCOLOR	= $D018
   481 = 0007			U	= $07
   482 = 02FC			CH	= $02FC
   483 2050			@exit
   484 					.ifdef @new
   485 					lda <@VarData
   486 					sta :ztmp
   487 					lda >@VarData
   488 					ldy #@VarDataSize-1
   489 					jmp @FreeMem
   490 					eif
   491 2050 60				rts						; ret
   492 				.endl
   493 2051			l_0007
   494
   495 				; optimize FAIL ('RAINBOWPROC', examples\rainbow.pas), line = 37
   496 2051 20 36 20			jsr RAINBOWPROC
   497
   498 				; ------------------------------------------------------------
   499
   500 2054			@exit
   501
   502 2054 A2 00		@halt	ldx #0
   503 2056 9A				txs
   504 					.ifdef MAIN.@DEFINES.ROMOFF
   505 					inc portb
   506 					.endif
   507
   508 2057 60				rts
   509
   510 				; ------------------------------------------------------------
   511
   512 2058 00 00 00 00 00 00 + IOCB@COPY	:16 brk
   513
   514 				; ------------------------------------------------------------
   515
   516 2068			.local	@DEFINES
   517 2068			ATARI
   518 				.endl
   519
   520 				.endl							; MAIN
   521
   522 				; ------------------------------------------------------------
   523 				; ------------------------------------------------------------
   524
   525 				.macro	UNITINITIALIZATION
   526 				
   527 					.ifdef MAIN.SYSTEM.@UnitInit
   528 					jsr MAIN.SYSTEM.@UnitInit
   529 					eif
   530 				
   531 					.ifdef MAIN.ATARI.@UnitInit
   532 					jsr MAIN.ATARI.@UnitInit
   533 					eif
   534 				
   535 					.ifdef MAIN.CRT.@UnitInit
   536 					jsr MAIN.CRT.@UnitInit
   537 					eif
   538 				
   539 					.ifdef MAIN.TYPES.@UnitInit
   540 					jsr MAIN.TYPES.@UnitInit
   541 					eif
   542 				
   543 					.ifdef MAIN.GRAPH.@UnitInit
   544 					jsr MAIN.GRAPH.@UnitInit
   545 					eif
   546 				.endm
   547
   548 				; ------------------------------------------------------------
   549
   550 					ift .SIZEOF(MAIN.SYSTEM) > 0
   551 					.print 'SYSTEM: ',MAIN.SYSTEM,'..',MAIN.SYSTEM+.SIZEOF(MAIN.SYSTEM)-1
   551 				SYSTEM: $2030..$2033
   552 					eif
   553
   554 					ift .SIZEOF(MAIN.ATARI) > 0
   555 					.print 'ATARI: ',MAIN.ATARI,'..',MAIN.ATARI+.SIZEOF(MAIN.ATARI)-1
   556 					eif
   557
   558 					ift .SIZEOF(MAIN.CRT) > 0
   559 					.print 'CRT: ',MAIN.CRT,'..',MAIN.CRT+.SIZEOF(MAIN.CRT)-1
   560 					eif
   561
   562 					ift .SIZEOF(MAIN.TYPES) > 0
   563 					.print 'TYPES: ',MAIN.TYPES,'..',MAIN.TYPES+.SIZEOF(MAIN.TYPES)-1
   564 					eif
   565
   566 					ift .SIZEOF(MAIN.GRAPH) > 0
   567 					.print 'GRAPH: ',MAIN.GRAPH,'..',MAIN.GRAPH+.SIZEOF(MAIN.GRAPH)-1
   567 				GRAPH: $2034..$2035
   568 					eif
   569
   570 					.print 'CODE: ',CODEORIGIN,'..',*-1
   570 				CODE: $2000..$2067
   571
   572 				; ------------------------------------------------------------
   573
   574 2068			DATAORIGIN
   575 2068 28 00 18 00 2D 0C + .by  $28 $00 $18 $00 $2D $0C $00 $00  $00 $00 $00 $00 $00 $00 $27 $00  $00 $00 $17
   576
   577 = 0013			VARINITSIZE	= *-DATAORIGIN
   578 = 0029			VARDATASIZE	= 41
   579
   580 = 2091			PROGRAMSTACK	= DATAORIGIN+VARDATASIZE
   581
   582 					.print 'DATA: ',DATAORIGIN,'..',PROGRAMSTACK
   582 				DATA: $2068..$2091
   583
   584 02E0-02E1> 00 20			run START
   585
   586 				; ------------------------------------------------------------
   587
   588 				.macro	STATICDATA
   589 				.endm
   590
   591 					end
