mads 2.1.0 build 8 (23 Dec 19)
   388 					opt l+
   101
   102 				.print 'ZPAGE: ',fxptr,'..',zpend-1
   102 				ZPAGE: $0080..$00D7
   103
   104 				.print 'RTLIB: ',RTLIB,'..',*-1
   104 				RTLIB: $2023..$20FF
   105
   106 				; ------------------------------------------------------------
   107
   108 2100			START
   109 2100 BA				tsx
   110 2101 8E 76 21			stx MAIN.@halt+1
   111
   112 					.ifdef fmulinit
   113 					fmulinit
   114 					eif
   115
   116 = 0008			VLEN	= VARDATASIZE-VARINITSIZE
   117 = 218F			VADR	= DATAORIGIN+VARINITSIZE
   118
   119 					ift VADR > $BFFF
   120 					ert 'Invalid memory address range ',VADR
   121 					eli (VLEN>0) && (VLEN<=256)
   122 2104 A2 F8			ldx #256-VLEN
   123 2106 A9 00			lda #0
   124 2108 9D 97 20 E8 D0 FA		sta:rne VADR+VLEN-256,x+
   125 					eli VLEN>0
   126 					@fill #VADR #VLEN #0
   127 					eif
   128
   129 					.ifdef MAIN.@DEFINES.ROMOFF
   130 					icl 'atari\romoff.asm'
   131 					.endif
   132
   133 210E A9 97 85 82 A9 21 + 	mwa #PROGRAMSTACK psptr
   134
   135 2116 A2 0F			ldx #$0f					; DOS II+/D ParamStr
   136 2118 BD 40 03 9D 79 21 + 	mva:rpl $340,x MAIN.IOCB@COPY,x-
   137
   138 2121 E8				inx						; X = 0
   139 2122 86 90			stx bp						; BP = 0
   140
   141 2124 8E 08 D2			stx audctl					; reset POKEY
   142 2127 A9 03			lda #3
   143 2129 8D 0F D2			sta skctl
   144
   145 212C CA				dex						; X = 255
   146
   147 212D				UNITINITIALIZATION
Macro: UNITINITIALIZATION [Source: stick.a65]
   148
   149 212D			.local	MAIN						; PROCEDURE
   150
   151 212D 4C 72 21			jmp l_002A
   152
   153 				; ------------------------------------------------------------
   154
   155 2130			.local	SYSTEM						; UNIT
   156
   157 				; ------------------------------------------------------------
   158
   159 = 0101			__PORTB_BANKS	= $0101
   160 = 0648			M_PI_2	= $0648
   161 = 0192			D_PI_2	= $0192
   162 = 0004			D_PI_180	= $04
   163 = 0000			MGTIA	= $00
   164 = 0080			MVBXE	= $80
   165 = 0000			VBXE_XDLADR	= $00
   166 = 0100			VBXE_BCBADR	= $0100
   167 = 1000			VBXE_MAPADR	= $1000
   168 = 5000			VBXE_OVRADR	= $5000
   169 = B000			VBXE_WINDOW	= $B000
   170 = 0000			IDLI	= $00
   171 = 0001			IVBL	= $01
   172 = 00FE			CH_DELCHR	= $FE
   173 = 009B			CH_ENTER	= $9B
   174 = 001B			CH_ESC	= $1B
   175 = 001C			CH_CURS_UP	= $1C
   176 = 001D			CH_CURS_DOWN	= $1D
   177 = 001E			CH_CURS_LEFT	= $1E
   178 = 001F			CH_CURS_RIGHT	= $1F
   179 = 007F			CH_TAB	= $7F
   180 = 009B			CH_EOL	= $9B
   181 = 007D			CH_CLR	= $7D
   182 = 00FD			CH_BELL	= $FD
   183 = 007E			CH_DEL	= $7E
   184 = 009C			CH_DELLINE	= $9C
   185 = 009D			CH_INSLINE	= $9D
   186 = 0000			COLOR_BLACK	= $00
   187 = 000E			COLOR_WHITE	= $0E
   188 = 0032			COLOR_RED	= $32
   189 = 0096			COLOR_CYAN	= $96
   190 = 0068			COLOR_VIOLET	= $68
   191 = 00C4			COLOR_GREEN	= $C4
   192 = 0074			COLOR_BLUE	= $74
   193 = 00EE			COLOR_YELLOW	= $EE
   194 = 0028			COLOR_ORANGE	= $28
   195 = 00E4			COLOR_BROWN	= $E4
   196 = 003C			COLOR_LIGHTRED	= $3C
   197 = 0004			COLOR_GRAY1	= $04
   198 = 0006			COLOR_GRAY2	= $06
   199 = 000A			COLOR_GRAY3	= $0A
   200 = 00CC			COLOR_LIGHTGREEN	= $CC
   201 = 007C			COLOR_LIGHTBLUE	= $7C
   202 = 0004			FMOPENREAD	= $04
   203 = 0008			FMOPENWRITE	= $08
   204 = 0009			FMOPENAPPEND	= $09
   205 = 000C			FMOPENREADWRITE	= $0C
   206 = 2189			SCREENWIDTH	= DATAORIGIN+$0000
   207 = 218B			SCREENHEIGHT	= DATAORIGIN+$0002
   208 = 218D			DATESEPARATOR	= DATAORIGIN+$0004
   209 = D014			TVSYSTEM	= $D014
   210 = 02C0			adr.PALETTE	= $02C0
   211 2130			.var PALETTE	= adr.PALETTE .word
   212 = D012			adr.HPALETTE	= $D012
   213 2130			.var HPALETTE	= adr.HPALETTE .word
   214 = 218E			FILEMODE	= DATAORIGIN+$0005
   215 = 218F			GRAPHMODE	= DATAORIGIN+$0006
   216 = 2190			IORESULT	= DATAORIGIN+$0007
   217 = 2191			EOLN	= DATAORIGIN+$0008
   218 = 2192			RNDSEED	= DATAORIGIN+$0009
   219
   220 = 2130 C0 02		PALETTE
   220 = 2132 12 D0		HPALETTE
   220 				.endl							; UNIT SYSTEM
   221
   222 				; ------------------------------------------------------------
   223
   224 2134			.local	ATARI						; UNIT
   225
   226 				; ------------------------------------------------------------
   227
   228 = 0012			RTCLOK	= $12
   229 = 004D			ATRACT	= $4D
   230 = 0052			LMARGIN	= $52
   231 = 0053			RMARGIN	= $53
   232 = 0054			ROWCRS	= $54
   233 = 0055			COLCRS	= $55
   234 = 0057			DINDEX	= $57
   235 = 0058			SAVMSC	= $58
   236 = 0062			PALNTS	= $62
   237 = 006A			RAMTOP	= $6A
   238 = 0200			VDSLST	= $0200
   239 = 0230			SDLSTL	= $0230
   240 = 0290			TXTROW	= $0290
   241 = 0291			TXTCOL	= $0291
   242 = 0293			TINDEX	= $0293
   243 = 0294			TXTMSC	= $0294
   244 = 022F			SDMCTL	= $022F
   245 = 026F			GPRIOR	= $026F
   246 = 02F0			CRSINH	= $02F0
   247 = 02F3			CHACT	= $02F3
   248 = 02F4			CHBAS	= $02F4
   249 = 02FC			CH	= $02FC
   250 = 02C0			PCOLR0	= $02C0
   251 = 02C1			PCOLR1	= $02C1
   252 = 02C2			PCOLR2	= $02C2
   253 = 02C3			PCOLR3	= $02C3
   254 = 02C4			COLOR0	= $02C4
   255 = 02C5			COLOR1	= $02C5
   256 = 02C6			COLOR2	= $02C6
   257 = 02C7			COLOR3	= $02C7
   258 = 02C8			COLOR4	= $02C8
   259 = 02C8			COLBAKS	= $02C8
   260 = D000			HPOSP0	= $D000
   261 = D001			HPOSP1	= $D001
   262 = D002			HPOSP2	= $D002
   263 = D003			HPOSP3	= $D003
   264 = D004			HPOSM0	= $D004
   265 = D005			HPOSM1	= $D005
   266 = D006			HPOSM2	= $D006
   267 = D007			HPOSM3	= $D007
   268 = D008			SIZEP0	= $D008
   269 = D009			SIZEP1	= $D009
   270 = D00A			SIZEP2	= $D00A
   271 = D00B			SIZEP3	= $D00B
   272 = D00C			SIZEM	= $D00C
   273 = D00D			GRAFP0	= $D00D
   274 = D00E			GRAFP1	= $D00E
   275 = D00F			GRAFP2	= $D00F
   276 = D010			GRAFP3	= $D010
   277 = D011			GRAFM	= $D011
   278 = D004			P0PF	= $D004
   279 = D014			PAL	= $D014
   280 = D012			COLPM0	= $D012
   281 = D013			COLPM1	= $D013
   282 = D014			COLPM2	= $D014
   283 = D015			COLPM3	= $D015
   284 = D016			COLPF0	= $D016
   285 = D017			COLPF1	= $D017
   286 = D018			COLPF2	= $D018
   287 = D019			COLPF3	= $D019
   288 = D01A			COLBK	= $D01A
   289 = D01B			PRIOR	= $D01B
   290 = D01D			GRACTL	= $D01D
   291 = D01E			HITCLR	= $D01E
   292 = D200			AUDF1	= $D200
   293 = D201			AUDC1	= $D201
   294 = D202			AUDF2	= $D202
   295 = D203			AUDC2	= $D203
   296 = D204			AUDF3	= $D204
   297 = D205			AUDC3	= $D205
   298 = D206			AUDF4	= $D206
   299 = D207			AUDC4	= $D207
   300 = D208			AUDCTL	= $D208
   301 = D20F			SKSTAT	= $D20F
   302 = D301			PORTB	= $D301
   303 = D400			DMACTL	= $D400
   304 = D401			CHACTL	= $D401
   305 = D402			DLISTL	= $D402
   306 = D404			HSCROL	= $D404
   307 = D405			VSCROL	= $D405
   308 = D407			PMBASE	= $D407
   309 = D409			CHBASE	= $D409
   310 = D40A			WSYNC	= $D40A
   311 = D40B			VCOUNT	= $D40B
   312 = D40C			PENH	= $D40C
   313 = D40D			PENV	= $D40D
   314 = D40E			NMIEN	= $D40E
   315
   316 				.endl							; UNIT ATARI
   317
   318 				; ------------------------------------------------------------
   319
   320 2134			.local	CRT						; UNIT
   321
   322 				; ------------------------------------------------------------
   323
   324 = 2194			TEXTATTR	= DATAORIGIN+$000B
   325 = D01F			CONSOL	= $D01F
   326 = 0000			CN_START_SELECT_OPTION	= $00
   327 = 0001			CN_SELECT_OPTION	= $01
   328 = 0002			CN_START_OPTION	= $02
   329 = 0003			CN_OPTION	= $03
   330 = 0004			CN_START_SELECT	= $04
   331 = 0005			CN_SELECT	= $05
   332 = 0006			CN_START	= $06
   333 = 0007			CN_NONE	= $07
   334 = 0000			BW40	= $00
   335 = 0001			CO40	= $01
   336 = 0002			BW80	= $02
   337 = 0003			CO80	= $03
   338 = 0007			MONO	= $07
   339 = 0001			C40	= $01
   340 = 0003			C80	= $03
   341 = 0000			BLACK	= $00
   342 = 0001			BLUE	= $01
   343 = 0002			GREEN	= $02
   344 = 0003			CYAN	= $03
   345 = 0004			RED	= $04
   346 = 0005			MAGENTA	= $05
   347 = 0006			BROWN	= $06
   348 = 0007			LIGHTGRAY	= $07
   349 = 0008			DARKGRAY	= $08
   350 = 0009			LIGHTBLUE	= $09
   351 = 000A			LIGHTGREEN	= $0A
   352 = 000B			LIGHTCYAN	= $0B
   353 = 000C			LIGHTRED	= $0C
   354 = 000D			LIGHTMAGENTA	= $0D
   355 = 000E			YELLOW	= $0E
   356 = 000F			WHITE	= $0F
   357 = 0080			BLINK	= $80
   358
   359 				.endl							; UNIT CRT
   360
   361 				; ------------------------------------------------------------
   362
   363 2134			.local	DOS						; UNIT
   364
   365 				; ------------------------------------------------------------
   366
   367 = D014			PALNTSC	= $D014
   368
   369 				.endl							; UNIT DOS
   370
   371 				; ------------------------------------------------------------
   372
   373 2134			.local	STRUTILS					; UNIT
   374
   375 				; ------------------------------------------------------------
   376
   377 				.endl							; UNIT STRUTILS
   378
   379 				; ------------------------------------------------------------
   380
   381 2134			.local	SYSUTILS					; UNIT
   382
   383 				; ------------------------------------------------------------
   384
   385 = 0001			FAREADONLY	= $01
   386 = 0002			FAHIDDEN	= $02
   387 = 0004			FASYSFILE	= $04
   388 = 0008			FAVOLUMEID	= $08
   389 = 0010			FADIRECTORY	= $10
   390 = 0020			FAARCHIVE	= $20
   391 = 003F			FAANYFILE	= $3F
   392
   393 				.endl							; UNIT SYSUTILS
   394
   395 				; ------------------------------------------------------------
   396
   397 2134			.local	JOYSTICK					; UNIT
   398
   399 				; ------------------------------------------------------------
   400
   401 = 000F			JOY_NONE	= $0F
   402 = 000E			JOY_UP	= $0E
   403 = 000D			JOY_DOWN	= $0D
   404 = 000B			JOY_LEFT	= $0B
   405 = 000A			JOY_LEFT_UP	= $0A
   406 = 0009			JOY_LEFT_DOWN	= $09
   407 = 0007			JOY_RIGHT	= $07
   408 = 0006			JOY_RIGHT_UP	= $06
   409 = 0005			JOY_RIGHT_DOWN	= $05
   410 = 0278			JOY_1	= $0278
   411 = 0279			JOY_2	= $0279
   412 = 0278			adr.STICK	= $0278
   413 2134			.var STICK	= adr.STICK .word
   414 = 0278			STICK0	= $0278
   415 = 0279			STICK1	= $0279
   416 = 0284			adr.STRIG	= $0284
   417 2134			.var STRIG	= adr.STRIG .word
   418 = 0284			STRIG0	= $0284
   419 = 0285			STRIG1	= $0285
   420 = 0270			adr.PADDL	= $0270
   421 2134			.var PADDL	= adr.PADDL .word
   422 = 0270			PADDL0	= $0270
   423 = 0271			PADDL1	= $0271
   424 = 0272			PADDL2	= $0272
   425 = 0273			PADDL3	= $0273
   426 = 0274			PADDL4	= $0274
   427 = 0275			PADDL5	= $0275
   428 = 0276			PADDL6	= $0276
   429 = 0277			PADDL7	= $0277
   430 = 027C			adr.PTRIG	= $027C
   431 2134			.var PTRIG	= adr.PTRIG .word
   432 = 027C			PTRIG0	= $027C
   433 = 027D			PTRIG1	= $027D
   434 = 027E			PTRIG2	= $027E
   435 = 027F			PTRIG3	= $027F
   436 = 0280			PTRIG4	= $0280
   437 = 0281			PTRIG5	= $0281
   438 = 0282			PTRIG6	= $0282
   439 = 0283			PTRIG7	= $0283
   440
   441 = 2134 78 02		STICK
   441 = 2136 84 02		STRIG
   441 = 2138 70 02		PADDL
   441 = 213A 7C 02		PTRIG
   441 				.endl							; UNIT JOYSTICK
   442
   443 213C			.local	MAINPROC					; PROCEDURE
   444
   445 				; optimize FAIL (100, examples\stick.pas), line = 17
   446 					@print #$7D
   446 				 LDY# $7D\ JSR @PRINT
   446 213C A0 7D		 LDY# $7D
   446 213E 20 3B 20		 JSR @PRINT
   447
   448 				; optimize OK (examples\stick.pas), line = 18
   449
   450 2141 A9 01 8D 96 21		mva #$01 FIRE
   451
   452 				; --- WhileProlog
   453 2146 4C 62 21			jmp l_00B5
   454 2149			l_00B6
   455
   456 				; optimize OK (examples\stick.pas), line = 20
   457
   458 2149 A0 00			ldy #$00
   459 214B B9 78 02			lda JOYSTICK.adr.STICK,y
   460 214E 8D 95 21			sta B
   461
   462 				; optimize FAIL (100, examples\stick.pas), line = 21
   463 2151 AD 95 21			lda B
   464 2154 20 75 20			jsr @printBYTE._a
   465 2157 20 36 20			@printEOL
   466
   467 				; optimize OK (examples\stick.pas), line = 22
   468
   469 215A A0 00			ldy #$00
   470 215C B9 84 02			lda JOYSTICK.adr.STRIG,y
   471 215F 8D 96 21			sta FIRE
   472 2162			l_00B5
   473
   474 				; optimize OK (examples\stick.pas), line = 19
   475
   476 2162 AD 96 21			lda FIRE
   477 2165 D0 E2			jne l_00B6
   478
   479 				; optimize FAIL (100, examples\stick.pas), line = 24
   480 					@printSTRING #CODEORIGIN+$000D
   480 				 LDY> CODEORIGIN+$000D\ LDA< CODEORIGIN+$000D\ JSR @PRINTSTRING
   480 2167 A0 20		 LDY> CODEORIGIN+$000D
   480 2169 A9 0D		 LDA< CODEORIGIN+$000D
   480 216B 20 44 20		 JSR @PRINTSTRING
   481 216E 20 36 20			@printEOL
   482
   483 				; ------------------------------------------------------------
   484
   485 = 2195			B	= DATAORIGIN+$000C
   486 = 2196			FIRE	= DATAORIGIN+$000D
   487
   488 = 2195			@VarData	= B
   489 = 0002			@VarDataSize	= 2
   490
   491 2171			@exit
   492 					.ifdef @new
   493 					lda <@VarData
   494 					sta :ztmp
   495 					lda >@VarData
   496 					ldy #@VarDataSize-1
   497 					jmp @FreeMem
   498 					eif
   499 2171 60				rts						; ret
   500 				.endl
   501 2172			l_002A
   502
   503 				; optimize FAIL ('MAINPROC', examples\stick.pas), line = 28
   504 2172 20 3C 21			jsr MAINPROC
   505
   506 				; ------------------------------------------------------------
   507
   508 2175			@exit
   509
   510 2175 A2 00		@halt	ldx #0
   511 2177 9A				txs
   512 					.ifdef MAIN.@DEFINES.ROMOFF
   513 					inc portb
   514 					.endif
   515
   516 2178 60				rts
   517
   518 				; ------------------------------------------------------------
   519
   520 2179 00 00 00 00 00 00 + IOCB@COPY	:16 brk
   521
   522 				; ------------------------------------------------------------
   523
   524 2189			.local	@DEFINES
   525 2189			ATARI
   526 				.endl
   527
   528 				.endl							; MAIN
   529
   530 				; ------------------------------------------------------------
   531 				; ------------------------------------------------------------
   532
   533 				.macro	UNITINITIALIZATION
   534 				
   535 					.ifdef MAIN.SYSTEM.@UnitInit
   536 					jsr MAIN.SYSTEM.@UnitInit
   537 					eif
   538 				
   539 					.ifdef MAIN.ATARI.@UnitInit
   540 					jsr MAIN.ATARI.@UnitInit
   541 					eif
   542 				
   543 					.ifdef MAIN.CRT.@UnitInit
   544 					jsr MAIN.CRT.@UnitInit
   545 					eif
   546 				
   547 					.ifdef MAIN.DOS.@UnitInit
   548 					jsr MAIN.DOS.@UnitInit
   549 					eif
   550 				
   551 					.ifdef MAIN.STRUTILS.@UnitInit
   552 					jsr MAIN.STRUTILS.@UnitInit
   553 					eif
   554 				
   555 					.ifdef MAIN.SYSUTILS.@UnitInit
   556 					jsr MAIN.SYSUTILS.@UnitInit
   557 					eif
   558 				
   559 					.ifdef MAIN.JOYSTICK.@UnitInit
   560 					jsr MAIN.JOYSTICK.@UnitInit
   561 					eif
   562 				.endm
   563
   564 				; ------------------------------------------------------------
   565
   566 					ift .SIZEOF(MAIN.SYSTEM) > 0
   567 					.print 'SYSTEM: ',MAIN.SYSTEM,'..',MAIN.SYSTEM+.SIZEOF(MAIN.SYSTEM)-1
   567 				SYSTEM: $2130..$2133
   568 					eif
   569
   570 					ift .SIZEOF(MAIN.ATARI) > 0
   571 					.print 'ATARI: ',MAIN.ATARI,'..',MAIN.ATARI+.SIZEOF(MAIN.ATARI)-1
   572 					eif
   573
   574 					ift .SIZEOF(MAIN.CRT) > 0
   575 					.print 'CRT: ',MAIN.CRT,'..',MAIN.CRT+.SIZEOF(MAIN.CRT)-1
   576 					eif
   577
   578 					ift .SIZEOF(MAIN.DOS) > 0
   579 					.print 'DOS: ',MAIN.DOS,'..',MAIN.DOS+.SIZEOF(MAIN.DOS)-1
   580 					eif
   581
   582 					ift .SIZEOF(MAIN.STRUTILS) > 0
   583 					.print 'STRUTILS: ',MAIN.STRUTILS,'..',MAIN.STRUTILS+.SIZEOF(MAIN.STRUTILS)-1
   584 					eif
   585
   586 					ift .SIZEOF(MAIN.SYSUTILS) > 0
   587 					.print 'SYSUTILS: ',MAIN.SYSUTILS,'..',MAIN.SYSUTILS+.SIZEOF(MAIN.SYSUTILS)-1
   588 					eif
   589
   590 					ift .SIZEOF(MAIN.JOYSTICK) > 0
   591 					.print 'JOYSTICK: ',MAIN.JOYSTICK,'..',MAIN.JOYSTICK+.SIZEOF(MAIN.JOYSTICK)-1
   591 				JOYSTICK: $2134..$213B
   592 					eif
   593
   594 					.print 'CODE: ',CODEORIGIN,'..',*-1
   594 				CODE: $2000..$2188
   595
   596 				; ------------------------------------------------------------
   597
   598 2189			DATAORIGIN
   599 2189 28 00 18 00 2D 0C	.by  $28 $00 $18 $00 $2D $0C
   600
   601 = 0006			VARINITSIZE	= *-DATAORIGIN
   602 = 000E			VARDATASIZE	= 14
   603
   604 = 2197			PROGRAMSTACK	= DATAORIGIN+VARDATASIZE
   605
   606 					.print 'DATA: ',DATAORIGIN,'..',PROGRAMSTACK
   606 				DATA: $2189..$2197
   607
   608 02E0-02E1> 00 21			run START
   609
   610 				; ------------------------------------------------------------
   611
   612 				.macro	STATICDATA
   613 				.by  $04 $54 $52 $55 $45 $00 $05 $46  $41 $4C $53 $45 $00 $14 $54 $52  $49 $47 $47 $45 $52 $20 $57 $41
   614 				.by  $53 $20 $50 $52 $45 $53 $53 $45  $44 $21 $00
   615 				.endm
   616
   617 					end
